
if [ "${machine}" == "zeus" ] ; then
  # needed to recognize 
  source /usr/share/Modules/init/sh
  module purge  # not working on zeus 
  module purge  # Needed! Not an error!
  #
  module load intel19.5/19.5.281
  module load intel19.5/szip/2.1.1
#  module load cmake/3.15.0
#  module load curl/7.65.1

  module load intel19.5/netcdf/C_4.7.2-F_4.5.2_CXX_4.3.1
#  module load intel19/grib_api/1.28.0 # old GRIB_API/grib_api-1.10.0
#  module load intel19/nco/4.8.0 # old NCO/nco-4.6.3
  module load ncl/6.6.2 # old NCL/ncl_ncarg-6.4.0
  module load intel19.5/hdf5/1.10.5 # old HDF5/hdf5-1.8.11
  module load intel19.5/udunits/2.2.26


fi
++ '[' zeus == zeus ']'
++ source /usr/share/Modules/init/sh

module() { eval `/usr/bin/modulecmd sh $*`; }

MODULESHOME=/usr/share/Modules
+++ MODULESHOME=/usr/share/Modules
export MODULESHOME
+++ export MODULESHOME

if [ "${LOADEDMODULES:-}" = "" ]; then
  LOADEDMODULES=
  export LOADEDMODULES
fi
+++ '[' intel19.5/19.5.281:intel19.5/netcdf/C_4.7.2-F_4.5.2_CXX_4.3.1:intel19.5/ncview/2.1.8:intel19.5/cdo/1.9.8:intel19.5/magics/3.3.1:intel19.5/proj/6.2.1:intel19.5/udunits/2.2.26:intel19.5/szip/2.1.1:intel19.5/eccodes/2.12.5:intel19.5/nco/4.8.1:ncl/6.6.2 = '' ']'

if [ "${MODULEPATH:-}" = "" ]; then
  MODULEPATH=`sed -n 's/[ 	#].*$//; /./H; $ { x; s/^\n//; s/\n/:/g; p; }' ${MODULESHOME}/init/.modulespath`
  export MODULEPATH
fi
+++ '[' /zeus/opt/modulefiles:/zeus/opt/modulefiles-intel19.5:/zeus/opt/modulefiles-intel20.1 = '' ']'
++ module purge
/usr/bin/modulecmd sh $*
+++ /usr/bin/modulecmd sh purge
++ eval LD_LIBRARY_PATH=/opt/ibm/lsfsuite/ext/ppm/10.2/linux2.6-glibc2.3-x86_64/lib:/opt/ibm/lsfsuite/ext/ppm/10.2/linux2.6-glibc2.3-x86_64/lib:/opt/ibm/lsfsuite/lsf/10.1/linux2.6-glibc2.3-x86_64/lib ';export' 'LD_LIBRARY_PATH;MANPATH=/opt/ibm/lsfsuite/ext/ppm/10.2/man:/opt/ibm/lsfsuite/ext/ppm/10.2/man:/opt/ibm/lsfsuite/lsf/10.1/man:' ';export' 'MANPATH;PATH=/opt/ibm/lsfsuite/lsf/10.1/linux2.6-glibc2.3-x86_64/etc:/opt/ibm/lsfsuite/lsf/10.1/linux2.6-glibc2.3-x86_64/bin:/opt/ibm/lsfsuite/ext/ppm/10.2/bin:/opt/ibm/lsfsuite/ext/ppm/10.2/linux2.6-glibc2.3-x86_64/bin:/opt/ibm/lsfsuite/ext/ppm/10.2/bin:/opt/ibm/lsfsuite/ext/ppm/10.2/linux2.6-glibc2.3-x86_64/bin:/bin:/usr/bin/:/usr/mbin:/local/bin:/usr/local:/usr/ucb:/usr/local/sbin:/usr/sbin:/opt/ibutils/bin:/bin:/usr/bin:/zeus/opt/batch_tools/bin/:/zeus/opt/tools/bin:/users_home/csp/dp16116/.local/bin:/users_home/csp/dp16116/bin:/bin:/usr/bin:/zeus/opt/batch_tools/bin/:/zeus/opt/tools/bin' ';export' 'PATH;unset' 'CFLAGS;unset' 'CLASSPATH;unset' 'CPATH;unset' 'DAALROOT;unset' 'FFLAGS;unset' 'FI_PROVIDER_PATH;unset' 'FONTCONFIG_PATH;unset' 'INCLUDE;unset' 'INFOPATH;unset' 'INTEL_LICENSE_FILE;unset' 'INTEL_PYTHONHOME;unset' 'IPPROOT;unset' 'I_MPI_ROOT;unset' 'LDFLAGS;unset' 'LD_RUN_PATH;unset' 'LIBRARY_PATH;unset' 'LOADEDMODULES;unset' 'MAGPLUS_HOME;unset' 'MKLROOT;unset' 'NCARG_RANGS;unset' 'NCARG_ROOT;unset' 'NETCDF;unset' 'NETCDF_DIR;unset' 'NLSPATH;unset' 'PKG_CONFIG_PATH;unset' 'PSTLROOT;unset' 'SZIP_HOME;unset' 'TBBROOT;unset' 'UDUNITS2_INCLUDE;unset' 'UDUNITS2_LIBS;unset' 'UDUNITS_PATH;unset' '_LMFILES_;'
LD_LIBRARY_PATH=/opt/ibm/lsfsuite/ext/ppm/10.2/linux2.6-glibc2.3-x86_64/lib:/opt/ibm/lsfsuite/ext/ppm/10.2/linux2.6-glibc2.3-x86_64/lib:/opt/ibm/lsfsuite/lsf/10.1/linux2.6-glibc2.3-x86_64/lib ;export LD_LIBRARY_PATH;MANPATH=/opt/ibm/lsfsuite/ext/ppm/10.2/man:/opt/ibm/lsfsuite/ext/ppm/10.2/man:/opt/ibm/lsfsuite/lsf/10.1/man: ;export MANPATH;PATH=/opt/ibm/lsfsuite/lsf/10.1/linux2.6-glibc2.3-x86_64/etc:/opt/ibm/lsfsuite/lsf/10.1/linux2.6-glibc2.3-x86_64/bin:/opt/ibm/lsfsuite/ext/ppm/10.2/bin:/opt/ibm/lsfsuite/ext/ppm/10.2/linux2.6-glibc2.3-x86_64/bin:/opt/ibm/lsfsuite/ext/ppm/10.2/bin:/opt/ibm/lsfsuite/ext/ppm/10.2/linux2.6-glibc2.3-x86_64/bin:/bin:/usr/bin/:/usr/mbin:/local/bin:/usr/local:/usr/ucb:/usr/local/sbin:/usr/sbin:/opt/ibutils/bin:/bin:/usr/bin:/zeus/opt/batch_tools/bin/:/zeus/opt/tools/bin:/users_home/csp/dp16116/.local/bin:/users_home/csp/dp16116/bin:/bin:/usr/bin:/zeus/opt/batch_tools/bin/:/zeus/opt/tools/bin ;export PATH;unset CFLAGS;unset CLASSPATH;unset CPATH;unset DAALROOT;unset FFLAGS;unset FI_PROVIDER_PATH;unset FONTCONFIG_PATH;unset INCLUDE;unset INFOPATH;unset INTEL_LICENSE_FILE;unset INTEL_PYTHONHOME;unset IPPROOT;unset I_MPI_ROOT;unset LDFLAGS;unset LD_RUN_PATH;unset LIBRARY_PATH;unset LOADEDMODULES;unset MAGPLUS_HOME;unset MKLROOT;unset NCARG_RANGS;unset NCARG_ROOT;unset NETCDF;unset NETCDF_DIR;unset NLSPATH;unset PKG_CONFIG_PATH;unset PSTLROOT;unset SZIP_HOME;unset TBBROOT;unset UDUNITS2_INCLUDE;unset UDUNITS2_LIBS;unset UDUNITS_PATH;unset _LMFILES_;
+++ LD_LIBRARY_PATH=/opt/ibm/lsfsuite/ext/ppm/10.2/linux2.6-glibc2.3-x86_64/lib:/opt/ibm/lsfsuite/ext/ppm/10.2/linux2.6-glibc2.3-x86_64/lib:/opt/ibm/lsfsuite/lsf/10.1/linux2.6-glibc2.3-x86_64/lib
+++ export LD_LIBRARY_PATH
+++ MANPATH=/opt/ibm/lsfsuite/ext/ppm/10.2/man:/opt/ibm/lsfsuite/ext/ppm/10.2/man:/opt/ibm/lsfsuite/lsf/10.1/man:
+++ export MANPATH
+++ PATH=/opt/ibm/lsfsuite/lsf/10.1/linux2.6-glibc2.3-x86_64/etc:/opt/ibm/lsfsuite/lsf/10.1/linux2.6-glibc2.3-x86_64/bin:/opt/ibm/lsfsuite/ext/ppm/10.2/bin:/opt/ibm/lsfsuite/ext/ppm/10.2/linux2.6-glibc2.3-x86_64/bin:/opt/ibm/lsfsuite/ext/ppm/10.2/bin:/opt/ibm/lsfsuite/ext/ppm/10.2/linux2.6-glibc2.3-x86_64/bin:/bin:/usr/bin/:/usr/mbin:/local/bin:/usr/local:/usr/ucb:/usr/local/sbin:/usr/sbin:/opt/ibutils/bin:/bin:/usr/bin:/zeus/opt/batch_tools/bin/:/zeus/opt/tools/bin:/users_home/csp/dp16116/.local/bin:/users_home/csp/dp16116/bin:/bin:/usr/bin:/zeus/opt/batch_tools/bin/:/zeus/opt/tools/bin
+++ export PATH
+++ unset CFLAGS
+++ unset CLASSPATH
+++ unset CPATH
+++ unset DAALROOT
+++ unset FFLAGS
+++ unset FI_PROVIDER_PATH
+++ unset FONTCONFIG_PATH
+++ unset INCLUDE
+++ unset INFOPATH
+++ unset INTEL_LICENSE_FILE
+++ unset INTEL_PYTHONHOME
+++ unset IPPROOT
+++ unset I_MPI_ROOT
+++ unset LDFLAGS
+++ unset LD_RUN_PATH
+++ unset LIBRARY_PATH
+++ unset LOADEDMODULES
+++ unset MAGPLUS_HOME
+++ unset MKLROOT
+++ unset NCARG_RANGS
+++ unset NCARG_ROOT
+++ unset NETCDF
+++ unset NETCDF_DIR
+++ unset NLSPATH
+++ unset PKG_CONFIG_PATH
+++ unset PSTLROOT
+++ unset SZIP_HOME
+++ unset TBBROOT
+++ unset UDUNITS2_INCLUDE
+++ unset UDUNITS2_LIBS
+++ unset UDUNITS_PATH
+++ unset _LMFILES_
++ module purge
/usr/bin/modulecmd sh $*
+++ /usr/bin/modulecmd sh purge
++ eval
++ module load intel19.5/19.5.281
/usr/bin/modulecmd sh $*
+++ /usr/bin/modulecmd sh load intel19.5/19.5.281
++ eval CLASSPATH=/zeus/opt/intel_2019/intel/compilers_and_libraries_2019.5.281/linux/mpi/intel64/lib/mpi.jar:/zeus/opt/intel_2019/intel/compilers_and_libraries_2019.5.281/linux/daal/lib/daal.jar ';export' 'CLASSPATH;CPATH=/zeus/opt/intel_2019/intel/compilers_and_libraries_2019.5.281/linux/ipp/include:/zeus/opt/intel_2019/intel/compilers_and_libraries_2019.5.281/linux/mkl/include:/zeus/opt/intel_2019/intel/compilers_and_libraries_2019.5.281/linux/pstl/include:/zeus/opt/intel_2019/intel/compilers_and_libraries_2019.5.281/linux/tbb/include:/zeus/opt/intel_2019/intel/compilers_and_libraries_2019.5.281/linux/tbb/include:/zeus/opt/intel_2019/intel/compilers_and_libraries_2019.5.281/linux/daal/include' ';export' 'CPATH;DAALROOT=/zeus/opt/intel_2019/intel/compilers_and_libraries_2019.5.281/linux/daal' ';export' 'DAALROOT;FI_PROVIDER_PATH=/zeus/opt/intel_2019/intel/compilers_and_libraries_2019.5.281/linux/mpi/intel64/libfabric/lib/prov' ';export' 'FI_PROVIDER_PATH;INFOPATH=/zeus/opt/intel_2019/intel/documentation_2019/en/debugger/gdb-ia/info/' ';export' 'INFOPATH;INTEL_LICENSE_FILE=27009@mng1,27009@mng2,27009@login1' ';export' 'INTEL_LICENSE_FILE;INTEL_PYTHONHOME=/zeus/opt/intel_2019/intel/debugger_2019/python/intel64/' ';export' 'INTEL_PYTHONHOME;IPPROOT=/zeus/opt/intel_2019/intel/compilers_and_libraries_2019.5.281/linux/ipp' ';export' 'IPPROOT;I_MPI_ROOT=/zeus/opt/intel_2019/intel/compilers_and_libraries_2019.5.281/linux/mpi' ';export' 'I_MPI_ROOT;LD_LIBRARY_PATH=/zeus/opt/intel_2019/intel/compilers_and_libraries_2019.5.281/linux/mpi/intel64/libfabric/lib:/zeus/opt/intel_2019/intel/compilers_and_libraries_2019.5.281/linux/mpi/intel64/lib/release:/zeus/opt/intel_2019/intel/compilers_and_libraries_2019.5.281/linux/mpi/intel64/lib:/zeus/opt/intel_2019/intel/compilers_and_libraries_2019.5.281/linux/ipp/lib/intel64:/zeus/opt/intel_2019/intel/compilers_and_libraries_2019.5.281/linux/compiler/lib/intel64_lin:/zeus/opt/intel_2019/intel/compilers_and_libraries_2019.5.281/linux/mkl/lib/intel64_lin:/zeus/opt/intel_2019/intel/compilers_and_libraries_2019.5.281/linux/tbb/lib/intel64/gcc4.7:/zeus/opt/intel_2019/intel/debugger_2019/libipt/intel64/lib:/zeus/opt/intel_2019/intel/compilers_and_libraries_2019.5.281/linux/daal/lib/intel64_lin:/zeus/opt/intel_2019/intel/compilers_and_libraries_2019.5.281/linux/daal/../tbb/lib/intel64_lin/gcc4.4:/opt/ibm/lsfsuite/ext/ppm/10.2/linux2.6-glibc2.3-x86_64/lib:/opt/ibm/lsfsuite/ext/ppm/10.2/linux2.6-glibc2.3-x86_64/lib:/opt/ibm/lsfsuite/lsf/10.1/linux2.6-glibc2.3-x86_64/lib' ';export' 'LD_LIBRARY_PATH;LIBRARY_PATH=/zeus/opt/intel_2019/intel/compilers_and_libraries_2019.5.281/linux/mpi/intel64/libfabric/lib:/zeus/opt/intel_2019/intel/compilers_and_libraries_2019.5.281/linux/ipp/lib/intel64:/zeus/opt/intel_2019/intel/compilers_and_libraries_2019.5.281/linux/compiler/lib/intel64_lin:/zeus/opt/intel_2019/intel/compilers_and_libraries_2019.5.281/linux/mkl/lib/intel64_lin:/zeus/opt/intel_2019/intel/compilers_and_libraries_2019.5.281/linux/tbb/lib/intel64/gcc4.7:/zeus/opt/intel_2019/intel/compilers_and_libraries_2019.5.281/linux/tbb/lib/intel64/gcc4.7:/zeus/opt/intel_2019/intel/compilers_and_libraries_2019.5.281/linux/daal/lib/intel64_lin:/zeus/opt/intel_2019/intel/compilers_and_libraries_2019.5.281/linux/daal/../tbb/lib/intel64_lin/gcc4.4' ';export' 'LIBRARY_PATH;LOADEDMODULES=intel19.5/19.5.281' ';export' 'LOADEDMODULES;MANPATH=/zeus/opt/intel_2019/intel/man/common:/zeus/opt/intel_2019/intel/compilers_and_libraries_2019.5.281/linux/mpi/man:/zeus/opt/intel_2019/intel/documentation_2019/en/debugger/gdb-ia/man/:/opt/ibm/lsfsuite/ext/ppm/10.2/man:/opt/ibm/lsfsuite/ext/ppm/10.2/man:/opt/ibm/lsfsuite/lsf/10.1/man:' ';export' 'MANPATH;MKLROOT=/zeus/opt/intel_2019/intel/compilers_and_libraries_2019.5.281/linux/mkl' ';export' 'MKLROOT;NLSPATH=/zeus/opt/intel_2019/intel/compilers_and_libraries_2019.5.281/linux/compiler/lib/intel64/locale/%l_%t/%N:/zeus/opt/intel_2019/intel/compilers_and_libraries_2019.5.281/linux/mkl/lib/intel64_lin/locale/%l_%t/%N:/zeus/opt/intel_2019/intel/debugger_2019/gdb/intel64/share/locale/%l_%t/%N' ';export' 'NLSPATH;PATH=/zeus/opt/intel_2019/intel/compilers_and_libraries_2019.5.281/linux/bin/intel64:/zeus/opt/intel_2019/intel/compilers_and_libraries_2019.5.281/linux/mpi/intel64/libfabric/bin:/zeus/opt/intel_2019/intel/compilers_and_libraries_2019.5.281/linux/mpi/intel64/bin:/zeus/opt/intel_2019/intel/debugger_2019/gdb/intel64/bin:/opt/ibm/lsfsuite/lsf/10.1/linux2.6-glibc2.3-x86_64/etc:/opt/ibm/lsfsuite/lsf/10.1/linux2.6-glibc2.3-x86_64/bin:/opt/ibm/lsfsuite/ext/ppm/10.2/bin:/opt/ibm/lsfsuite/ext/ppm/10.2/linux2.6-glibc2.3-x86_64/bin:/opt/ibm/lsfsuite/ext/ppm/10.2/bin:/opt/ibm/lsfsuite/ext/ppm/10.2/linux2.6-glibc2.3-x86_64/bin:/bin:/usr/bin/:/usr/mbin:/local/bin:/usr/local:/usr/ucb:/usr/local/sbin:/usr/sbin:/opt/ibutils/bin:/bin:/usr/bin:/zeus/opt/batch_tools/bin/:/zeus/opt/tools/bin:/users_home/csp/dp16116/.local/bin:/users_home/csp/dp16116/bin:/bin:/usr/bin:/zeus/opt/batch_tools/bin/:/zeus/opt/tools/bin' ';export' 'PATH;PKG_CONFIG_PATH=/zeus/opt/intel_2019/intel/compilers_and_libraries_2019.5.281/linux/mkl/bin/pkgconfig' ';export' 'PKG_CONFIG_PATH;PSTLROOT=/zeus/opt/intel_2019/intel/compilers_and_libraries_2019.5.281/linux/pstl' ';export' 'PSTLROOT;TBBROOT=/zeus/opt/intel_2019/intel/compilers_and_libraries_2019.5.281/linux/tbb' ';export' 'TBBROOT;_LMFILES_=/zeus/opt/modulefiles-intel19.5/intel19.5/19.5.281' ';export' '_LMFILES_;'
CLASSPATH=/zeus/opt/intel_2019/intel/compilers_and_libraries_2019.5.281/linux/mpi/intel64/lib/mpi.jar:/zeus/opt/intel_2019/intel/compilers_and_libraries_2019.5.281/linux/daal/lib/daal.jar ;export CLASSPATH;CPATH=/zeus/opt/intel_2019/intel/compilers_and_libraries_2019.5.281/linux/ipp/include:/zeus/opt/intel_2019/intel/compilers_and_libraries_2019.5.281/linux/mkl/include:/zeus/opt/intel_2019/intel/compilers_and_libraries_2019.5.281/linux/pstl/include:/zeus/opt/intel_2019/intel/compilers_and_libraries_2019.5.281/linux/tbb/include:/zeus/opt/intel_2019/intel/compilers_and_libraries_2019.5.281/linux/tbb/include:/zeus/opt/intel_2019/intel/compilers_and_libraries_2019.5.281/linux/daal/include ;export CPATH;DAALROOT=/zeus/opt/intel_2019/intel/compilers_and_libraries_2019.5.281/linux/daal ;export DAALROOT;FI_PROVIDER_PATH=/zeus/opt/intel_2019/intel/compilers_and_libraries_2019.5.281/linux/mpi/intel64/libfabric/lib/prov ;export FI_PROVIDER_PATH;INFOPATH=/zeus/opt/intel_2019/intel/documentation_2019/en/debugger/gdb-ia/info/ ;export INFOPATH;INTEL_LICENSE_FILE=27009@mng1,27009@mng2,27009@login1 ;export INTEL_LICENSE_FILE;INTEL_PYTHONHOME=/zeus/opt/intel_2019/intel/debugger_2019/python/intel64/ ;export INTEL_PYTHONHOME;IPPROOT=/zeus/opt/intel_2019/intel/compilers_and_libraries_2019.5.281/linux/ipp ;export IPPROOT;I_MPI_ROOT=/zeus/opt/intel_2019/intel/compilers_and_libraries_2019.5.281/linux/mpi ;export I_MPI_ROOT;LD_LIBRARY_PATH=/zeus/opt/intel_2019/intel/compilers_and_libraries_2019.5.281/linux/mpi/intel64/libfabric/lib:/zeus/opt/intel_2019/intel/compilers_and_libraries_2019.5.281/linux/mpi/intel64/lib/release:/zeus/opt/intel_2019/intel/compilers_and_libraries_2019.5.281/linux/mpi/intel64/lib:/zeus/opt/intel_2019/intel/compilers_and_libraries_2019.5.281/linux/ipp/lib/intel64:/zeus/opt/intel_2019/intel/compilers_and_libraries_2019.5.281/linux/compiler/lib/intel64_lin:/zeus/opt/intel_2019/intel/compilers_and_libraries_2019.5.281/linux/mkl/lib/intel64_lin:/zeus/opt/intel_2019/intel/compilers_and_libraries_2019.5.281/linux/tbb/lib/intel64/gcc4.7:/zeus/opt/intel_2019/intel/debugger_2019/libipt/intel64/lib:/zeus/opt/intel_2019/intel/compilers_and_libraries_2019.5.281/linux/daal/lib/intel64_lin:/zeus/opt/intel_2019/intel/compilers_and_libraries_2019.5.281/linux/daal/../tbb/lib/intel64_lin/gcc4.4:/opt/ibm/lsfsuite/ext/ppm/10.2/linux2.6-glibc2.3-x86_64/lib:/opt/ibm/lsfsuite/ext/ppm/10.2/linux2.6-glibc2.3-x86_64/lib:/opt/ibm/lsfsuite/lsf/10.1/linux2.6-glibc2.3-x86_64/lib ;export LD_LIBRARY_PATH;LIBRARY_PATH=/zeus/opt/intel_2019/intel/compilers_and_libraries_2019.5.281/linux/mpi/intel64/libfabric/lib:/zeus/opt/intel_2019/intel/compilers_and_libraries_2019.5.281/linux/ipp/lib/intel64:/zeus/opt/intel_2019/intel/compilers_and_libraries_2019.5.281/linux/compiler/lib/intel64_lin:/zeus/opt/intel_2019/intel/compilers_and_libraries_2019.5.281/linux/mkl/lib/intel64_lin:/zeus/opt/intel_2019/intel/compilers_and_libraries_2019.5.281/linux/tbb/lib/intel64/gcc4.7:/zeus/opt/intel_2019/intel/compilers_and_libraries_2019.5.281/linux/tbb/lib/intel64/gcc4.7:/zeus/opt/intel_2019/intel/compilers_and_libraries_2019.5.281/linux/daal/lib/intel64_lin:/zeus/opt/intel_2019/intel/compilers_and_libraries_2019.5.281/linux/daal/../tbb/lib/intel64_lin/gcc4.4 ;export LIBRARY_PATH;LOADEDMODULES=intel19.5/19.5.281 ;export LOADEDMODULES;MANPATH=/zeus/opt/intel_2019/intel/man/common:/zeus/opt/intel_2019/intel/compilers_and_libraries_2019.5.281/linux/mpi/man:/zeus/opt/intel_2019/intel/documentation_2019/en/debugger/gdb-ia/man/:/opt/ibm/lsfsuite/ext/ppm/10.2/man:/opt/ibm/lsfsuite/ext/ppm/10.2/man:/opt/ibm/lsfsuite/lsf/10.1/man: ;export MANPATH;MKLROOT=/zeus/opt/intel_2019/intel/compilers_and_libraries_2019.5.281/linux/mkl ;export MKLROOT;NLSPATH=/zeus/opt/intel_2019/intel/compilers_and_libraries_2019.5.281/linux/compiler/lib/intel64/locale/%l_%t/%N:/zeus/opt/intel_2019/intel/compilers_and_libraries_2019.5.281/linux/mkl/lib/intel64_lin/locale/%l_%t/%N:/zeus/opt/intel_2019/intel/debugger_2019/gdb/intel64/share/locale/%l_%t/%N ;export NLSPATH;PATH=/zeus/opt/intel_2019/intel/compilers_and_libraries_2019.5.281/linux/bin/intel64:/zeus/opt/intel_2019/intel/compilers_and_libraries_2019.5.281/linux/mpi/intel64/libfabric/bin:/zeus/opt/intel_2019/intel/compilers_and_libraries_2019.5.281/linux/mpi/intel64/bin:/zeus/opt/intel_2019/intel/debugger_2019/gdb/intel64/bin:/opt/ibm/lsfsuite/lsf/10.1/linux2.6-glibc2.3-x86_64/etc:/opt/ibm/lsfsuite/lsf/10.1/linux2.6-glibc2.3-x86_64/bin:/opt/ibm/lsfsuite/ext/ppm/10.2/bin:/opt/ibm/lsfsuite/ext/ppm/10.2/linux2.6-glibc2.3-x86_64/bin:/opt/ibm/lsfsuite/ext/ppm/10.2/bin:/opt/ibm/lsfsuite/ext/ppm/10.2/linux2.6-glibc2.3-x86_64/bin:/bin:/usr/bin/:/usr/mbin:/local/bin:/usr/local:/usr/ucb:/usr/local/sbin:/usr/sbin:/opt/ibutils/bin:/bin:/usr/bin:/zeus/opt/batch_tools/bin/:/zeus/opt/tools/bin:/users_home/csp/dp16116/.local/bin:/users_home/csp/dp16116/bin:/bin:/usr/bin:/zeus/opt/batch_tools/bin/:/zeus/opt/tools/bin ;export PATH;PKG_CONFIG_PATH=/zeus/opt/intel_2019/intel/compilers_and_libraries_2019.5.281/linux/mkl/bin/pkgconfig ;export PKG_CONFIG_PATH;PSTLROOT=/zeus/opt/intel_2019/intel/compilers_and_libraries_2019.5.281/linux/pstl ;export PSTLROOT;TBBROOT=/zeus/opt/intel_2019/intel/compilers_and_libraries_2019.5.281/linux/tbb ;export TBBROOT;_LMFILES_=/zeus/opt/modulefiles-intel19.5/intel19.5/19.5.281 ;export _LMFILES_;
+++ CLASSPATH=/zeus/opt/intel_2019/intel/compilers_and_libraries_2019.5.281/linux/mpi/intel64/lib/mpi.jar:/zeus/opt/intel_2019/intel/compilers_and_libraries_2019.5.281/linux/daal/lib/daal.jar
+++ export CLASSPATH
+++ CPATH=/zeus/opt/intel_2019/intel/compilers_and_libraries_2019.5.281/linux/ipp/include:/zeus/opt/intel_2019/intel/compilers_and_libraries_2019.5.281/linux/mkl/include:/zeus/opt/intel_2019/intel/compilers_and_libraries_2019.5.281/linux/pstl/include:/zeus/opt/intel_2019/intel/compilers_and_libraries_2019.5.281/linux/tbb/include:/zeus/opt/intel_2019/intel/compilers_and_libraries_2019.5.281/linux/tbb/include:/zeus/opt/intel_2019/intel/compilers_and_libraries_2019.5.281/linux/daal/include
+++ export CPATH
+++ DAALROOT=/zeus/opt/intel_2019/intel/compilers_and_libraries_2019.5.281/linux/daal
+++ export DAALROOT
+++ FI_PROVIDER_PATH=/zeus/opt/intel_2019/intel/compilers_and_libraries_2019.5.281/linux/mpi/intel64/libfabric/lib/prov
+++ export FI_PROVIDER_PATH
+++ INFOPATH=/zeus/opt/intel_2019/intel/documentation_2019/en/debugger/gdb-ia/info/
+++ export INFOPATH
+++ INTEL_LICENSE_FILE=27009@mng1,27009@mng2,27009@login1
+++ export INTEL_LICENSE_FILE
+++ INTEL_PYTHONHOME=/zeus/opt/intel_2019/intel/debugger_2019/python/intel64/
+++ export INTEL_PYTHONHOME
+++ IPPROOT=/zeus/opt/intel_2019/intel/compilers_and_libraries_2019.5.281/linux/ipp
+++ export IPPROOT
+++ I_MPI_ROOT=/zeus/opt/intel_2019/intel/compilers_and_libraries_2019.5.281/linux/mpi
+++ export I_MPI_ROOT
+++ LD_LIBRARY_PATH=/zeus/opt/intel_2019/intel/compilers_and_libraries_2019.5.281/linux/mpi/intel64/libfabric/lib:/zeus/opt/intel_2019/intel/compilers_and_libraries_2019.5.281/linux/mpi/intel64/lib/release:/zeus/opt/intel_2019/intel/compilers_and_libraries_2019.5.281/linux/mpi/intel64/lib:/zeus/opt/intel_2019/intel/compilers_and_libraries_2019.5.281/linux/ipp/lib/intel64:/zeus/opt/intel_2019/intel/compilers_and_libraries_2019.5.281/linux/compiler/lib/intel64_lin:/zeus/opt/intel_2019/intel/compilers_and_libraries_2019.5.281/linux/mkl/lib/intel64_lin:/zeus/opt/intel_2019/intel/compilers_and_libraries_2019.5.281/linux/tbb/lib/intel64/gcc4.7:/zeus/opt/intel_2019/intel/debugger_2019/libipt/intel64/lib:/zeus/opt/intel_2019/intel/compilers_and_libraries_2019.5.281/linux/daal/lib/intel64_lin:/zeus/opt/intel_2019/intel/compilers_and_libraries_2019.5.281/linux/daal/../tbb/lib/intel64_lin/gcc4.4:/opt/ibm/lsfsuite/ext/ppm/10.2/linux2.6-glibc2.3-x86_64/lib:/opt/ibm/lsfsuite/ext/ppm/10.2/linux2.6-glibc2.3-x86_64/lib:/opt/ibm/lsfsuite/lsf/10.1/linux2.6-glibc2.3-x86_64/lib
+++ export LD_LIBRARY_PATH
+++ LIBRARY_PATH=/zeus/opt/intel_2019/intel/compilers_and_libraries_2019.5.281/linux/mpi/intel64/libfabric/lib:/zeus/opt/intel_2019/intel/compilers_and_libraries_2019.5.281/linux/ipp/lib/intel64:/zeus/opt/intel_2019/intel/compilers_and_libraries_2019.5.281/linux/compiler/lib/intel64_lin:/zeus/opt/intel_2019/intel/compilers_and_libraries_2019.5.281/linux/mkl/lib/intel64_lin:/zeus/opt/intel_2019/intel/compilers_and_libraries_2019.5.281/linux/tbb/lib/intel64/gcc4.7:/zeus/opt/intel_2019/intel/compilers_and_libraries_2019.5.281/linux/tbb/lib/intel64/gcc4.7:/zeus/opt/intel_2019/intel/compilers_and_libraries_2019.5.281/linux/daal/lib/intel64_lin:/zeus/opt/intel_2019/intel/compilers_and_libraries_2019.5.281/linux/daal/../tbb/lib/intel64_lin/gcc4.4
+++ export LIBRARY_PATH
+++ LOADEDMODULES=intel19.5/19.5.281
+++ export LOADEDMODULES
+++ MANPATH=/zeus/opt/intel_2019/intel/man/common:/zeus/opt/intel_2019/intel/compilers_and_libraries_2019.5.281/linux/mpi/man:/zeus/opt/intel_2019/intel/documentation_2019/en/debugger/gdb-ia/man/:/opt/ibm/lsfsuite/ext/ppm/10.2/man:/opt/ibm/lsfsuite/ext/ppm/10.2/man:/opt/ibm/lsfsuite/lsf/10.1/man:
+++ export MANPATH
+++ MKLROOT=/zeus/opt/intel_2019/intel/compilers_and_libraries_2019.5.281/linux/mkl
+++ export MKLROOT
+++ NLSPATH=/zeus/opt/intel_2019/intel/compilers_and_libraries_2019.5.281/linux/compiler/lib/intel64/locale/%l_%t/%N:/zeus/opt/intel_2019/intel/compilers_and_libraries_2019.5.281/linux/mkl/lib/intel64_lin/locale/%l_%t/%N:/zeus/opt/intel_2019/intel/debugger_2019/gdb/intel64/share/locale/%l_%t/%N
+++ export NLSPATH
+++ PATH=/zeus/opt/intel_2019/intel/compilers_and_libraries_2019.5.281/linux/bin/intel64:/zeus/opt/intel_2019/intel/compilers_and_libraries_2019.5.281/linux/mpi/intel64/libfabric/bin:/zeus/opt/intel_2019/intel/compilers_and_libraries_2019.5.281/linux/mpi/intel64/bin:/zeus/opt/intel_2019/intel/debugger_2019/gdb/intel64/bin:/opt/ibm/lsfsuite/lsf/10.1/linux2.6-glibc2.3-x86_64/etc:/opt/ibm/lsfsuite/lsf/10.1/linux2.6-glibc2.3-x86_64/bin:/opt/ibm/lsfsuite/ext/ppm/10.2/bin:/opt/ibm/lsfsuite/ext/ppm/10.2/linux2.6-glibc2.3-x86_64/bin:/opt/ibm/lsfsuite/ext/ppm/10.2/bin:/opt/ibm/lsfsuite/ext/ppm/10.2/linux2.6-glibc2.3-x86_64/bin:/bin:/usr/bin/:/usr/mbin:/local/bin:/usr/local:/usr/ucb:/usr/local/sbin:/usr/sbin:/opt/ibutils/bin:/bin:/usr/bin:/zeus/opt/batch_tools/bin/:/zeus/opt/tools/bin:/users_home/csp/dp16116/.local/bin:/users_home/csp/dp16116/bin:/bin:/usr/bin:/zeus/opt/batch_tools/bin/:/zeus/opt/tools/bin
+++ export PATH
+++ PKG_CONFIG_PATH=/zeus/opt/intel_2019/intel/compilers_and_libraries_2019.5.281/linux/mkl/bin/pkgconfig
+++ export PKG_CONFIG_PATH
+++ PSTLROOT=/zeus/opt/intel_2019/intel/compilers_and_libraries_2019.5.281/linux/pstl
+++ export PSTLROOT
+++ TBBROOT=/zeus/opt/intel_2019/intel/compilers_and_libraries_2019.5.281/linux/tbb
+++ export TBBROOT
+++ _LMFILES_=/zeus/opt/modulefiles-intel19.5/intel19.5/19.5.281
+++ export _LMFILES_
++ module load intel19.5/szip/2.1.1
/usr/bin/modulecmd sh $*
+++ /usr/bin/modulecmd sh load intel19.5/szip/2.1.1
++ eval LD_LIBRARY_PATH=/zeus/opt/intel19.5/szip/2.1.1/lib:/zeus/opt/intel_2019/intel/compilers_and_libraries_2019.5.281/linux/mpi/intel64/libfabric/lib:/zeus/opt/intel_2019/intel/compilers_and_libraries_2019.5.281/linux/mpi/intel64/lib/release:/zeus/opt/intel_2019/intel/compilers_and_libraries_2019.5.281/linux/mpi/intel64/lib:/zeus/opt/intel_2019/intel/compilers_and_libraries_2019.5.281/linux/ipp/lib/intel64:/zeus/opt/intel_2019/intel/compilers_and_libraries_2019.5.281/linux/compiler/lib/intel64_lin:/zeus/opt/intel_2019/intel/compilers_and_libraries_2019.5.281/linux/mkl/lib/intel64_lin:/zeus/opt/intel_2019/intel/compilers_and_libraries_2019.5.281/linux/tbb/lib/intel64/gcc4.7:/zeus/opt/intel_2019/intel/debugger_2019/libipt/intel64/lib:/zeus/opt/intel_2019/intel/compilers_and_libraries_2019.5.281/linux/daal/lib/intel64_lin:/zeus/opt/intel_2019/intel/compilers_and_libraries_2019.5.281/linux/daal/../tbb/lib/intel64_lin/gcc4.4:/opt/ibm/lsfsuite/ext/ppm/10.2/linux2.6-glibc2.3-x86_64/lib:/opt/ibm/lsfsuite/ext/ppm/10.2/linux2.6-glibc2.3-x86_64/lib:/opt/ibm/lsfsuite/lsf/10.1/linux2.6-glibc2.3-x86_64/lib ';export' 'LD_LIBRARY_PATH;LD_RUN_PATH=/zeus/opt/intel19.5/szip/2.1.1/lib' ';export' 'LD_RUN_PATH;LOADEDMODULES=intel19.5/19.5.281:intel19.5/szip/2.1.1' ';export' 'LOADEDMODULES;SZIP_HOME=/zeus/opt/intel19.5/szip/2.1.1' ';export' 'SZIP_HOME;_LMFILES_=/zeus/opt/modulefiles-intel19.5/intel19.5/19.5.281:/zeus/opt/modulefiles-intel19.5/intel19.5/szip/2.1.1' ';export' '_LMFILES_;'
LD_LIBRARY_PATH=/zeus/opt/intel19.5/szip/2.1.1/lib:/zeus/opt/intel_2019/intel/compilers_and_libraries_2019.5.281/linux/mpi/intel64/libfabric/lib:/zeus/opt/intel_2019/intel/compilers_and_libraries_2019.5.281/linux/mpi/intel64/lib/release:/zeus/opt/intel_2019/intel/compilers_and_libraries_2019.5.281/linux/mpi/intel64/lib:/zeus/opt/intel_2019/intel/compilers_and_libraries_2019.5.281/linux/ipp/lib/intel64:/zeus/opt/intel_2019/intel/compilers_and_libraries_2019.5.281/linux/compiler/lib/intel64_lin:/zeus/opt/intel_2019/intel/compilers_and_libraries_2019.5.281/linux/mkl/lib/intel64_lin:/zeus/opt/intel_2019/intel/compilers_and_libraries_2019.5.281/linux/tbb/lib/intel64/gcc4.7:/zeus/opt/intel_2019/intel/debugger_2019/libipt/intel64/lib:/zeus/opt/intel_2019/intel/compilers_and_libraries_2019.5.281/linux/daal/lib/intel64_lin:/zeus/opt/intel_2019/intel/compilers_and_libraries_2019.5.281/linux/daal/../tbb/lib/intel64_lin/gcc4.4:/opt/ibm/lsfsuite/ext/ppm/10.2/linux2.6-glibc2.3-x86_64/lib:/opt/ibm/lsfsuite/ext/ppm/10.2/linux2.6-glibc2.3-x86_64/lib:/opt/ibm/lsfsuite/lsf/10.1/linux2.6-glibc2.3-x86_64/lib ;export LD_LIBRARY_PATH;LD_RUN_PATH=/zeus/opt/intel19.5/szip/2.1.1/lib ;export LD_RUN_PATH;LOADEDMODULES=intel19.5/19.5.281:intel19.5/szip/2.1.1 ;export LOADEDMODULES;SZIP_HOME=/zeus/opt/intel19.5/szip/2.1.1 ;export SZIP_HOME;_LMFILES_=/zeus/opt/modulefiles-intel19.5/intel19.5/19.5.281:/zeus/opt/modulefiles-intel19.5/intel19.5/szip/2.1.1 ;export _LMFILES_;
+++ LD_LIBRARY_PATH=/zeus/opt/intel19.5/szip/2.1.1/lib:/zeus/opt/intel_2019/intel/compilers_and_libraries_2019.5.281/linux/mpi/intel64/libfabric/lib:/zeus/opt/intel_2019/intel/compilers_and_libraries_2019.5.281/linux/mpi/intel64/lib/release:/zeus/opt/intel_2019/intel/compilers_and_libraries_2019.5.281/linux/mpi/intel64/lib:/zeus/opt/intel_2019/intel/compilers_and_libraries_2019.5.281/linux/ipp/lib/intel64:/zeus/opt/intel_2019/intel/compilers_and_libraries_2019.5.281/linux/compiler/lib/intel64_lin:/zeus/opt/intel_2019/intel/compilers_and_libraries_2019.5.281/linux/mkl/lib/intel64_lin:/zeus/opt/intel_2019/intel/compilers_and_libraries_2019.5.281/linux/tbb/lib/intel64/gcc4.7:/zeus/opt/intel_2019/intel/debugger_2019/libipt/intel64/lib:/zeus/opt/intel_2019/intel/compilers_and_libraries_2019.5.281/linux/daal/lib/intel64_lin:/zeus/opt/intel_2019/intel/compilers_and_libraries_2019.5.281/linux/daal/../tbb/lib/intel64_lin/gcc4.4:/opt/ibm/lsfsuite/ext/ppm/10.2/linux2.6-glibc2.3-x86_64/lib:/opt/ibm/lsfsuite/ext/ppm/10.2/linux2.6-glibc2.3-x86_64/lib:/opt/ibm/lsfsuite/lsf/10.1/linux2.6-glibc2.3-x86_64/lib
+++ export LD_LIBRARY_PATH
+++ LD_RUN_PATH=/zeus/opt/intel19.5/szip/2.1.1/lib
+++ export LD_RUN_PATH
+++ LOADEDMODULES=intel19.5/19.5.281:intel19.5/szip/2.1.1
+++ export LOADEDMODULES
+++ SZIP_HOME=/zeus/opt/intel19.5/szip/2.1.1
+++ export SZIP_HOME
+++ _LMFILES_=/zeus/opt/modulefiles-intel19.5/intel19.5/19.5.281:/zeus/opt/modulefiles-intel19.5/intel19.5/szip/2.1.1
+++ export _LMFILES_
++ module load intel19.5/netcdf/C_4.7.2-F_4.5.2_CXX_4.3.1
/usr/bin/modulecmd sh $*
+++ /usr/bin/modulecmd sh load intel19.5/netcdf/C_4.7.2-F_4.5.2_CXX_4.3.1
++ eval 'CFLAGS=-I/zeus/opt/intel19.5/netcdf/C_4.7.2-F_4.5.2_CXX_4.3.1/include\' '-I/zeus/opt/curl/7.66.0/include\' '-I/zeus/opt/intel19.5/szip/2.1.1/include\' '-I/zeus/opt/intel19.5/hdf5/1.10.5/include\' '-DpgiFortran\' -I/usr/include ';export' 'CFLAGS;FFLAGS=-I/zeus/opt/intel19.5/netcdf/C_4.7.2-F_4.5.2_CXX_4.3.1/include' ';export' 'FFLAGS;LDFLAGS=-L/zeus/opt/intel19.5/netcdf/C_4.7.2-F_4.5.2_CXX_4.3.1/lib\' '-lnetcdf\' '-lnetcdff\' '-L/zeus/opt/curl/7.66.0/lib\' '-lcurl\' '-L/zeus/opt/intel19.5/szip/2.1.1/lib\' '-lz\' '-L/zeus/opt/intel19.5/hdf5/1.10.5/lib\' '-lhdf5\' '-lhdf5_hl\' '-L/usr/lib64/\' '-ldl\' '-DpgiFortran\' '-lm\' -lnetcdf_c++4 ';export' 'LDFLAGS;LD_LIBRARY_PATH=/zeus/opt/intel19.5/netcdf/C_4.7.2-F_4.5.2_CXX_4.3.1/lib:/zeus/opt/curl/7.66.0/lib:/zeus/opt/intel19.5/hdf5/1.10.5/lib:/zeus/opt/intel19.5/netcdf/C_4.7.2-F_4.5.2_CXX_4.3.1/lib:/zeus/opt/intel19.5/szip/2.1.1/lib:/zeus/opt/intel_2019/intel/compilers_and_libraries_2019.5.281/linux/mpi/intel64/libfabric/lib:/zeus/opt/intel_2019/intel/compilers_and_libraries_2019.5.281/linux/mpi/intel64/lib/release:/zeus/opt/intel_2019/intel/compilers_and_libraries_2019.5.281/linux/mpi/intel64/lib:/zeus/opt/intel_2019/intel/compilers_and_libraries_2019.5.281/linux/ipp/lib/intel64:/zeus/opt/intel_2019/intel/compilers_and_libraries_2019.5.281/linux/compiler/lib/intel64_lin:/zeus/opt/intel_2019/intel/compilers_and_libraries_2019.5.281/linux/mkl/lib/intel64_lin:/zeus/opt/intel_2019/intel/compilers_and_libraries_2019.5.281/linux/tbb/lib/intel64/gcc4.7:/zeus/opt/intel_2019/intel/debugger_2019/libipt/intel64/lib:/zeus/opt/intel_2019/intel/compilers_and_libraries_2019.5.281/linux/daal/lib/intel64_lin:/zeus/opt/intel_2019/intel/compilers_and_libraries_2019.5.281/linux/daal/../tbb/lib/intel64_lin/gcc4.4:/opt/ibm/lsfsuite/ext/ppm/10.2/linux2.6-glibc2.3-x86_64/lib:/opt/ibm/lsfsuite/ext/ppm/10.2/linux2.6-glibc2.3-x86_64/lib:/opt/ibm/lsfsuite/lsf/10.1/linux2.6-glibc2.3-x86_64/lib' ';export' 'LD_LIBRARY_PATH;LOADEDMODULES=intel19.5/19.5.281:intel19.5/szip/2.1.1:intel19.5/netcdf/C_4.7.2-F_4.5.2_CXX_4.3.1' ';export' 'LOADEDMODULES;MANPATH=/zeus/opt/intel19.5/netcdf/C_4.7.2-F_4.5.2_CXX_4.3.1/share/man:/zeus/opt/intel_2019/intel/man/common:/zeus/opt/intel_2019/intel/compilers_and_libraries_2019.5.281/linux/mpi/man:/zeus/opt/intel_2019/intel/documentation_2019/en/debugger/gdb-ia/man/:/opt/ibm/lsfsuite/ext/ppm/10.2/man:/opt/ibm/lsfsuite/ext/ppm/10.2/man:/opt/ibm/lsfsuite/lsf/10.1/man:' ';export' 'MANPATH;NETCDF=/zeus/opt/intel19.5/netcdf/C_4.7.2-F_4.5.2_CXX_4.3.1' ';export' 'NETCDF;NETCDF_DIR=/zeus/opt/intel19.5/netcdf/C_4.7.2-F_4.5.2_CXX_4.3.1' ';export' 'NETCDF_DIR;PATH=/zeus/opt/intel19.5/netcdf/C_4.7.2-F_4.5.2_CXX_4.3.1/bin:/zeus/opt/intel_2019/intel/compilers_and_libraries_2019.5.281/linux/bin/intel64:/zeus/opt/intel_2019/intel/compilers_and_libraries_2019.5.281/linux/mpi/intel64/libfabric/bin:/zeus/opt/intel_2019/intel/compilers_and_libraries_2019.5.281/linux/mpi/intel64/bin:/zeus/opt/intel_2019/intel/debugger_2019/gdb/intel64/bin:/opt/ibm/lsfsuite/lsf/10.1/linux2.6-glibc2.3-x86_64/etc:/opt/ibm/lsfsuite/lsf/10.1/linux2.6-glibc2.3-x86_64/bin:/opt/ibm/lsfsuite/ext/ppm/10.2/bin:/opt/ibm/lsfsuite/ext/ppm/10.2/linux2.6-glibc2.3-x86_64/bin:/opt/ibm/lsfsuite/ext/ppm/10.2/bin:/opt/ibm/lsfsuite/ext/ppm/10.2/linux2.6-glibc2.3-x86_64/bin:/bin:/usr/bin/:/usr/mbin:/local/bin:/usr/local:/usr/ucb:/usr/local/sbin:/usr/sbin:/opt/ibutils/bin:/bin:/usr/bin:/zeus/opt/batch_tools/bin/:/zeus/opt/tools/bin:/users_home/csp/dp16116/.local/bin:/users_home/csp/dp16116/bin:/bin:/usr/bin:/zeus/opt/batch_tools/bin/:/zeus/opt/tools/bin' ';export' 'PATH;_LMFILES_=/zeus/opt/modulefiles-intel19.5/intel19.5/19.5.281:/zeus/opt/modulefiles-intel19.5/intel19.5/szip/2.1.1:/zeus/opt/modulefiles-intel19.5/intel19.5/netcdf/C_4.7.2-F_4.5.2_CXX_4.3.1' ';export' '_LMFILES_;'
CFLAGS=-I/zeus/opt/intel19.5/netcdf/C_4.7.2-F_4.5.2_CXX_4.3.1/include\ -I/zeus/opt/curl/7.66.0/include\ -I/zeus/opt/intel19.5/szip/2.1.1/include\ -I/zeus/opt/intel19.5/hdf5/1.10.5/include\ -DpgiFortran\ -I/usr/include ;export CFLAGS;FFLAGS=-I/zeus/opt/intel19.5/netcdf/C_4.7.2-F_4.5.2_CXX_4.3.1/include ;export FFLAGS;LDFLAGS=-L/zeus/opt/intel19.5/netcdf/C_4.7.2-F_4.5.2_CXX_4.3.1/lib\ -lnetcdf\ -lnetcdff\ -L/zeus/opt/curl/7.66.0/lib\ -lcurl\ -L/zeus/opt/intel19.5/szip/2.1.1/lib\ -lz\ -L/zeus/opt/intel19.5/hdf5/1.10.5/lib\ -lhdf5\ -lhdf5_hl\ -L/usr/lib64/\ -ldl\ -DpgiFortran\ -lm\ -lnetcdf_c++4 ;export LDFLAGS;LD_LIBRARY_PATH=/zeus/opt/intel19.5/netcdf/C_4.7.2-F_4.5.2_CXX_4.3.1/lib:/zeus/opt/curl/7.66.0/lib:/zeus/opt/intel19.5/hdf5/1.10.5/lib:/zeus/opt/intel19.5/netcdf/C_4.7.2-F_4.5.2_CXX_4.3.1/lib:/zeus/opt/intel19.5/szip/2.1.1/lib:/zeus/opt/intel_2019/intel/compilers_and_libraries_2019.5.281/linux/mpi/intel64/libfabric/lib:/zeus/opt/intel_2019/intel/compilers_and_libraries_2019.5.281/linux/mpi/intel64/lib/release:/zeus/opt/intel_2019/intel/compilers_and_libraries_2019.5.281/linux/mpi/intel64/lib:/zeus/opt/intel_2019/intel/compilers_and_libraries_2019.5.281/linux/ipp/lib/intel64:/zeus/opt/intel_2019/intel/compilers_and_libraries_2019.5.281/linux/compiler/lib/intel64_lin:/zeus/opt/intel_2019/intel/compilers_and_libraries_2019.5.281/linux/mkl/lib/intel64_lin:/zeus/opt/intel_2019/intel/compilers_and_libraries_2019.5.281/linux/tbb/lib/intel64/gcc4.7:/zeus/opt/intel_2019/intel/debugger_2019/libipt/intel64/lib:/zeus/opt/intel_2019/intel/compilers_and_libraries_2019.5.281/linux/daal/lib/intel64_lin:/zeus/opt/intel_2019/intel/compilers_and_libraries_2019.5.281/linux/daal/../tbb/lib/intel64_lin/gcc4.4:/opt/ibm/lsfsuite/ext/ppm/10.2/linux2.6-glibc2.3-x86_64/lib:/opt/ibm/lsfsuite/ext/ppm/10.2/linux2.6-glibc2.3-x86_64/lib:/opt/ibm/lsfsuite/lsf/10.1/linux2.6-glibc2.3-x86_64/lib ;export LD_LIBRARY_PATH;LOADEDMODULES=intel19.5/19.5.281:intel19.5/szip/2.1.1:intel19.5/netcdf/C_4.7.2-F_4.5.2_CXX_4.3.1 ;export LOADEDMODULES;MANPATH=/zeus/opt/intel19.5/netcdf/C_4.7.2-F_4.5.2_CXX_4.3.1/share/man:/zeus/opt/intel_2019/intel/man/common:/zeus/opt/intel_2019/intel/compilers_and_libraries_2019.5.281/linux/mpi/man:/zeus/opt/intel_2019/intel/documentation_2019/en/debugger/gdb-ia/man/:/opt/ibm/lsfsuite/ext/ppm/10.2/man:/opt/ibm/lsfsuite/ext/ppm/10.2/man:/opt/ibm/lsfsuite/lsf/10.1/man: ;export MANPATH;NETCDF=/zeus/opt/intel19.5/netcdf/C_4.7.2-F_4.5.2_CXX_4.3.1 ;export NETCDF;NETCDF_DIR=/zeus/opt/intel19.5/netcdf/C_4.7.2-F_4.5.2_CXX_4.3.1 ;export NETCDF_DIR;PATH=/zeus/opt/intel19.5/netcdf/C_4.7.2-F_4.5.2_CXX_4.3.1/bin:/zeus/opt/intel_2019/intel/compilers_and_libraries_2019.5.281/linux/bin/intel64:/zeus/opt/intel_2019/intel/compilers_and_libraries_2019.5.281/linux/mpi/intel64/libfabric/bin:/zeus/opt/intel_2019/intel/compilers_and_libraries_2019.5.281/linux/mpi/intel64/bin:/zeus/opt/intel_2019/intel/debugger_2019/gdb/intel64/bin:/opt/ibm/lsfsuite/lsf/10.1/linux2.6-glibc2.3-x86_64/etc:/opt/ibm/lsfsuite/lsf/10.1/linux2.6-glibc2.3-x86_64/bin:/opt/ibm/lsfsuite/ext/ppm/10.2/bin:/opt/ibm/lsfsuite/ext/ppm/10.2/linux2.6-glibc2.3-x86_64/bin:/opt/ibm/lsfsuite/ext/ppm/10.2/bin:/opt/ibm/lsfsuite/ext/ppm/10.2/linux2.6-glibc2.3-x86_64/bin:/bin:/usr/bin/:/usr/mbin:/local/bin:/usr/local:/usr/ucb:/usr/local/sbin:/usr/sbin:/opt/ibutils/bin:/bin:/usr/bin:/zeus/opt/batch_tools/bin/:/zeus/opt/tools/bin:/users_home/csp/dp16116/.local/bin:/users_home/csp/dp16116/bin:/bin:/usr/bin:/zeus/opt/batch_tools/bin/:/zeus/opt/tools/bin ;export PATH;_LMFILES_=/zeus/opt/modulefiles-intel19.5/intel19.5/19.5.281:/zeus/opt/modulefiles-intel19.5/intel19.5/szip/2.1.1:/zeus/opt/modulefiles-intel19.5/intel19.5/netcdf/C_4.7.2-F_4.5.2_CXX_4.3.1 ;export _LMFILES_;
+++ CFLAGS='-I/zeus/opt/intel19.5/netcdf/C_4.7.2-F_4.5.2_CXX_4.3.1/include -I/zeus/opt/curl/7.66.0/include -I/zeus/opt/intel19.5/szip/2.1.1/include -I/zeus/opt/intel19.5/hdf5/1.10.5/include -DpgiFortran -I/usr/include'
+++ export CFLAGS
+++ FFLAGS=-I/zeus/opt/intel19.5/netcdf/C_4.7.2-F_4.5.2_CXX_4.3.1/include
+++ export FFLAGS
+++ LDFLAGS='-L/zeus/opt/intel19.5/netcdf/C_4.7.2-F_4.5.2_CXX_4.3.1/lib -lnetcdf -lnetcdff -L/zeus/opt/curl/7.66.0/lib -lcurl -L/zeus/opt/intel19.5/szip/2.1.1/lib -lz -L/zeus/opt/intel19.5/hdf5/1.10.5/lib -lhdf5 -lhdf5_hl -L/usr/lib64/ -ldl -DpgiFortran -lm -lnetcdf_c++4'
+++ export LDFLAGS
+++ LD_LIBRARY_PATH=/zeus/opt/intel19.5/netcdf/C_4.7.2-F_4.5.2_CXX_4.3.1/lib:/zeus/opt/curl/7.66.0/lib:/zeus/opt/intel19.5/hdf5/1.10.5/lib:/zeus/opt/intel19.5/netcdf/C_4.7.2-F_4.5.2_CXX_4.3.1/lib:/zeus/opt/intel19.5/szip/2.1.1/lib:/zeus/opt/intel_2019/intel/compilers_and_libraries_2019.5.281/linux/mpi/intel64/libfabric/lib:/zeus/opt/intel_2019/intel/compilers_and_libraries_2019.5.281/linux/mpi/intel64/lib/release:/zeus/opt/intel_2019/intel/compilers_and_libraries_2019.5.281/linux/mpi/intel64/lib:/zeus/opt/intel_2019/intel/compilers_and_libraries_2019.5.281/linux/ipp/lib/intel64:/zeus/opt/intel_2019/intel/compilers_and_libraries_2019.5.281/linux/compiler/lib/intel64_lin:/zeus/opt/intel_2019/intel/compilers_and_libraries_2019.5.281/linux/mkl/lib/intel64_lin:/zeus/opt/intel_2019/intel/compilers_and_libraries_2019.5.281/linux/tbb/lib/intel64/gcc4.7:/zeus/opt/intel_2019/intel/debugger_2019/libipt/intel64/lib:/zeus/opt/intel_2019/intel/compilers_and_libraries_2019.5.281/linux/daal/lib/intel64_lin:/zeus/opt/intel_2019/intel/compilers_and_libraries_2019.5.281/linux/daal/../tbb/lib/intel64_lin/gcc4.4:/opt/ibm/lsfsuite/ext/ppm/10.2/linux2.6-glibc2.3-x86_64/lib:/opt/ibm/lsfsuite/ext/ppm/10.2/linux2.6-glibc2.3-x86_64/lib:/opt/ibm/lsfsuite/lsf/10.1/linux2.6-glibc2.3-x86_64/lib
+++ export LD_LIBRARY_PATH
+++ LOADEDMODULES=intel19.5/19.5.281:intel19.5/szip/2.1.1:intel19.5/netcdf/C_4.7.2-F_4.5.2_CXX_4.3.1
+++ export LOADEDMODULES
+++ MANPATH=/zeus/opt/intel19.5/netcdf/C_4.7.2-F_4.5.2_CXX_4.3.1/share/man:/zeus/opt/intel_2019/intel/man/common:/zeus/opt/intel_2019/intel/compilers_and_libraries_2019.5.281/linux/mpi/man:/zeus/opt/intel_2019/intel/documentation_2019/en/debugger/gdb-ia/man/:/opt/ibm/lsfsuite/ext/ppm/10.2/man:/opt/ibm/lsfsuite/ext/ppm/10.2/man:/opt/ibm/lsfsuite/lsf/10.1/man:
+++ export MANPATH
+++ NETCDF=/zeus/opt/intel19.5/netcdf/C_4.7.2-F_4.5.2_CXX_4.3.1
+++ export NETCDF
+++ NETCDF_DIR=/zeus/opt/intel19.5/netcdf/C_4.7.2-F_4.5.2_CXX_4.3.1
+++ export NETCDF_DIR
+++ PATH=/zeus/opt/intel19.5/netcdf/C_4.7.2-F_4.5.2_CXX_4.3.1/bin:/zeus/opt/intel_2019/intel/compilers_and_libraries_2019.5.281/linux/bin/intel64:/zeus/opt/intel_2019/intel/compilers_and_libraries_2019.5.281/linux/mpi/intel64/libfabric/bin:/zeus/opt/intel_2019/intel/compilers_and_libraries_2019.5.281/linux/mpi/intel64/bin:/zeus/opt/intel_2019/intel/debugger_2019/gdb/intel64/bin:/opt/ibm/lsfsuite/lsf/10.1/linux2.6-glibc2.3-x86_64/etc:/opt/ibm/lsfsuite/lsf/10.1/linux2.6-glibc2.3-x86_64/bin:/opt/ibm/lsfsuite/ext/ppm/10.2/bin:/opt/ibm/lsfsuite/ext/ppm/10.2/linux2.6-glibc2.3-x86_64/bin:/opt/ibm/lsfsuite/ext/ppm/10.2/bin:/opt/ibm/lsfsuite/ext/ppm/10.2/linux2.6-glibc2.3-x86_64/bin:/bin:/usr/bin/:/usr/mbin:/local/bin:/usr/local:/usr/ucb:/usr/local/sbin:/usr/sbin:/opt/ibutils/bin:/bin:/usr/bin:/zeus/opt/batch_tools/bin/:/zeus/opt/tools/bin:/users_home/csp/dp16116/.local/bin:/users_home/csp/dp16116/bin:/bin:/usr/bin:/zeus/opt/batch_tools/bin/:/zeus/opt/tools/bin
+++ export PATH
+++ _LMFILES_=/zeus/opt/modulefiles-intel19.5/intel19.5/19.5.281:/zeus/opt/modulefiles-intel19.5/intel19.5/szip/2.1.1:/zeus/opt/modulefiles-intel19.5/intel19.5/netcdf/C_4.7.2-F_4.5.2_CXX_4.3.1
+++ export _LMFILES_
++ module load ncl/6.6.2
/usr/bin/modulecmd sh $*
+++ /usr/bin/modulecmd sh load ncl/6.6.2
++ eval FONTCONFIG_PATH=/etc/fonts ';export' 'FONTCONFIG_PATH;LD_LIBRARY_PATH=/zeus/opt/ncl/6.6.2/lib:/usr/lib64:/zeus/opt/intel19.5/netcdf/C_4.7.2-F_4.5.2_CXX_4.3.1/lib:/zeus/opt/curl/7.66.0/lib:/zeus/opt/intel19.5/hdf5/1.10.5/lib:/zeus/opt/intel19.5/netcdf/C_4.7.2-F_4.5.2_CXX_4.3.1/lib:/zeus/opt/intel19.5/szip/2.1.1/lib:/zeus/opt/intel_2019/intel/compilers_and_libraries_2019.5.281/linux/mpi/intel64/libfabric/lib:/zeus/opt/intel_2019/intel/compilers_and_libraries_2019.5.281/linux/mpi/intel64/lib/release:/zeus/opt/intel_2019/intel/compilers_and_libraries_2019.5.281/linux/mpi/intel64/lib:/zeus/opt/intel_2019/intel/compilers_and_libraries_2019.5.281/linux/ipp/lib/intel64:/zeus/opt/intel_2019/intel/compilers_and_libraries_2019.5.281/linux/compiler/lib/intel64_lin:/zeus/opt/intel_2019/intel/compilers_and_libraries_2019.5.281/linux/mkl/lib/intel64_lin:/zeus/opt/intel_2019/intel/compilers_and_libraries_2019.5.281/linux/tbb/lib/intel64/gcc4.7:/zeus/opt/intel_2019/intel/debugger_2019/libipt/intel64/lib:/zeus/opt/intel_2019/intel/compilers_and_libraries_2019.5.281/linux/daal/lib/intel64_lin:/zeus/opt/intel_2019/intel/compilers_and_libraries_2019.5.281/linux/daal/../tbb/lib/intel64_lin/gcc4.4:/opt/ibm/lsfsuite/ext/ppm/10.2/linux2.6-glibc2.3-x86_64/lib:/opt/ibm/lsfsuite/ext/ppm/10.2/linux2.6-glibc2.3-x86_64/lib:/opt/ibm/lsfsuite/lsf/10.1/linux2.6-glibc2.3-x86_64/lib' ';export' 'LD_LIBRARY_PATH;LOADEDMODULES=intel19.5/19.5.281:intel19.5/szip/2.1.1:intel19.5/netcdf/C_4.7.2-F_4.5.2_CXX_4.3.1:ncl/6.6.2' ';export' 'LOADEDMODULES;MANPATH=/zeus/opt/ncl/6.6.2/man:/zeus/opt/intel19.5/netcdf/C_4.7.2-F_4.5.2_CXX_4.3.1/share/man:/zeus/opt/intel_2019/intel/man/common:/zeus/opt/intel_2019/intel/compilers_and_libraries_2019.5.281/linux/mpi/man:/zeus/opt/intel_2019/intel/documentation_2019/en/debugger/gdb-ia/man/:/opt/ibm/lsfsuite/ext/ppm/10.2/man:/opt/ibm/lsfsuite/ext/ppm/10.2/man:/opt/ibm/lsfsuite/lsf/10.1/man:' ';export' 'MANPATH;NCARG_RANGS=/zeus/opt/ncl/6.6.2/lib/ncarg/database/rangs' ';export' 'NCARG_RANGS;NCARG_ROOT=/zeus/opt/ncl/6.6.2' ';export' 'NCARG_ROOT;PATH=/zeus/opt/ncl/6.6.2/bin:/zeus/opt/intel19.5/netcdf/C_4.7.2-F_4.5.2_CXX_4.3.1/bin:/zeus/opt/intel_2019/intel/compilers_and_libraries_2019.5.281/linux/bin/intel64:/zeus/opt/intel_2019/intel/compilers_and_libraries_2019.5.281/linux/mpi/intel64/libfabric/bin:/zeus/opt/intel_2019/intel/compilers_and_libraries_2019.5.281/linux/mpi/intel64/bin:/zeus/opt/intel_2019/intel/debugger_2019/gdb/intel64/bin:/opt/ibm/lsfsuite/lsf/10.1/linux2.6-glibc2.3-x86_64/etc:/opt/ibm/lsfsuite/lsf/10.1/linux2.6-glibc2.3-x86_64/bin:/opt/ibm/lsfsuite/ext/ppm/10.2/bin:/opt/ibm/lsfsuite/ext/ppm/10.2/linux2.6-glibc2.3-x86_64/bin:/opt/ibm/lsfsuite/ext/ppm/10.2/bin:/opt/ibm/lsfsuite/ext/ppm/10.2/linux2.6-glibc2.3-x86_64/bin:/bin:/usr/bin/:/usr/mbin:/local/bin:/usr/local:/usr/ucb:/usr/local/sbin:/usr/sbin:/opt/ibutils/bin:/bin:/usr/bin:/zeus/opt/batch_tools/bin/:/zeus/opt/tools/bin:/users_home/csp/dp16116/.local/bin:/users_home/csp/dp16116/bin:/bin:/usr/bin:/zeus/opt/batch_tools/bin/:/zeus/opt/tools/bin' ';export' 'PATH;PKG_CONFIG_PATH=/usr/lib64' ';export' 'PKG_CONFIG_PATH;_LMFILES_=/zeus/opt/modulefiles-intel19.5/intel19.5/19.5.281:/zeus/opt/modulefiles-intel19.5/intel19.5/szip/2.1.1:/zeus/opt/modulefiles-intel19.5/intel19.5/netcdf/C_4.7.2-F_4.5.2_CXX_4.3.1:/zeus/opt/modulefiles/ncl/6.6.2' ';export' '_LMFILES_;'
FONTCONFIG_PATH=/etc/fonts ;export FONTCONFIG_PATH;LD_LIBRARY_PATH=/zeus/opt/ncl/6.6.2/lib:/usr/lib64:/zeus/opt/intel19.5/netcdf/C_4.7.2-F_4.5.2_CXX_4.3.1/lib:/zeus/opt/curl/7.66.0/lib:/zeus/opt/intel19.5/hdf5/1.10.5/lib:/zeus/opt/intel19.5/netcdf/C_4.7.2-F_4.5.2_CXX_4.3.1/lib:/zeus/opt/intel19.5/szip/2.1.1/lib:/zeus/opt/intel_2019/intel/compilers_and_libraries_2019.5.281/linux/mpi/intel64/libfabric/lib:/zeus/opt/intel_2019/intel/compilers_and_libraries_2019.5.281/linux/mpi/intel64/lib/release:/zeus/opt/intel_2019/intel/compilers_and_libraries_2019.5.281/linux/mpi/intel64/lib:/zeus/opt/intel_2019/intel/compilers_and_libraries_2019.5.281/linux/ipp/lib/intel64:/zeus/opt/intel_2019/intel/compilers_and_libraries_2019.5.281/linux/compiler/lib/intel64_lin:/zeus/opt/intel_2019/intel/compilers_and_libraries_2019.5.281/linux/mkl/lib/intel64_lin:/zeus/opt/intel_2019/intel/compilers_and_libraries_2019.5.281/linux/tbb/lib/intel64/gcc4.7:/zeus/opt/intel_2019/intel/debugger_2019/libipt/intel64/lib:/zeus/opt/intel_2019/intel/compilers_and_libraries_2019.5.281/linux/daal/lib/intel64_lin:/zeus/opt/intel_2019/intel/compilers_and_libraries_2019.5.281/linux/daal/../tbb/lib/intel64_lin/gcc4.4:/opt/ibm/lsfsuite/ext/ppm/10.2/linux2.6-glibc2.3-x86_64/lib:/opt/ibm/lsfsuite/ext/ppm/10.2/linux2.6-glibc2.3-x86_64/lib:/opt/ibm/lsfsuite/lsf/10.1/linux2.6-glibc2.3-x86_64/lib ;export LD_LIBRARY_PATH;LOADEDMODULES=intel19.5/19.5.281:intel19.5/szip/2.1.1:intel19.5/netcdf/C_4.7.2-F_4.5.2_CXX_4.3.1:ncl/6.6.2 ;export LOADEDMODULES;MANPATH=/zeus/opt/ncl/6.6.2/man:/zeus/opt/intel19.5/netcdf/C_4.7.2-F_4.5.2_CXX_4.3.1/share/man:/zeus/opt/intel_2019/intel/man/common:/zeus/opt/intel_2019/intel/compilers_and_libraries_2019.5.281/linux/mpi/man:/zeus/opt/intel_2019/intel/documentation_2019/en/debugger/gdb-ia/man/:/opt/ibm/lsfsuite/ext/ppm/10.2/man:/opt/ibm/lsfsuite/ext/ppm/10.2/man:/opt/ibm/lsfsuite/lsf/10.1/man: ;export MANPATH;NCARG_RANGS=/zeus/opt/ncl/6.6.2/lib/ncarg/database/rangs ;export NCARG_RANGS;NCARG_ROOT=/zeus/opt/ncl/6.6.2 ;export NCARG_ROOT;PATH=/zeus/opt/ncl/6.6.2/bin:/zeus/opt/intel19.5/netcdf/C_4.7.2-F_4.5.2_CXX_4.3.1/bin:/zeus/opt/intel_2019/intel/compilers_and_libraries_2019.5.281/linux/bin/intel64:/zeus/opt/intel_2019/intel/compilers_and_libraries_2019.5.281/linux/mpi/intel64/libfabric/bin:/zeus/opt/intel_2019/intel/compilers_and_libraries_2019.5.281/linux/mpi/intel64/bin:/zeus/opt/intel_2019/intel/debugger_2019/gdb/intel64/bin:/opt/ibm/lsfsuite/lsf/10.1/linux2.6-glibc2.3-x86_64/etc:/opt/ibm/lsfsuite/lsf/10.1/linux2.6-glibc2.3-x86_64/bin:/opt/ibm/lsfsuite/ext/ppm/10.2/bin:/opt/ibm/lsfsuite/ext/ppm/10.2/linux2.6-glibc2.3-x86_64/bin:/opt/ibm/lsfsuite/ext/ppm/10.2/bin:/opt/ibm/lsfsuite/ext/ppm/10.2/linux2.6-glibc2.3-x86_64/bin:/bin:/usr/bin/:/usr/mbin:/local/bin:/usr/local:/usr/ucb:/usr/local/sbin:/usr/sbin:/opt/ibutils/bin:/bin:/usr/bin:/zeus/opt/batch_tools/bin/:/zeus/opt/tools/bin:/users_home/csp/dp16116/.local/bin:/users_home/csp/dp16116/bin:/bin:/usr/bin:/zeus/opt/batch_tools/bin/:/zeus/opt/tools/bin ;export PATH;PKG_CONFIG_PATH=/usr/lib64 ;export PKG_CONFIG_PATH;_LMFILES_=/zeus/opt/modulefiles-intel19.5/intel19.5/19.5.281:/zeus/opt/modulefiles-intel19.5/intel19.5/szip/2.1.1:/zeus/opt/modulefiles-intel19.5/intel19.5/netcdf/C_4.7.2-F_4.5.2_CXX_4.3.1:/zeus/opt/modulefiles/ncl/6.6.2 ;export _LMFILES_;
+++ FONTCONFIG_PATH=/etc/fonts
+++ export FONTCONFIG_PATH
+++ LD_LIBRARY_PATH=/zeus/opt/ncl/6.6.2/lib:/usr/lib64:/zeus/opt/intel19.5/netcdf/C_4.7.2-F_4.5.2_CXX_4.3.1/lib:/zeus/opt/curl/7.66.0/lib:/zeus/opt/intel19.5/hdf5/1.10.5/lib:/zeus/opt/intel19.5/netcdf/C_4.7.2-F_4.5.2_CXX_4.3.1/lib:/zeus/opt/intel19.5/szip/2.1.1/lib:/zeus/opt/intel_2019/intel/compilers_and_libraries_2019.5.281/linux/mpi/intel64/libfabric/lib:/zeus/opt/intel_2019/intel/compilers_and_libraries_2019.5.281/linux/mpi/intel64/lib/release:/zeus/opt/intel_2019/intel/compilers_and_libraries_2019.5.281/linux/mpi/intel64/lib:/zeus/opt/intel_2019/intel/compilers_and_libraries_2019.5.281/linux/ipp/lib/intel64:/zeus/opt/intel_2019/intel/compilers_and_libraries_2019.5.281/linux/compiler/lib/intel64_lin:/zeus/opt/intel_2019/intel/compilers_and_libraries_2019.5.281/linux/mkl/lib/intel64_lin:/zeus/opt/intel_2019/intel/compilers_and_libraries_2019.5.281/linux/tbb/lib/intel64/gcc4.7:/zeus/opt/intel_2019/intel/debugger_2019/libipt/intel64/lib:/zeus/opt/intel_2019/intel/compilers_and_libraries_2019.5.281/linux/daal/lib/intel64_lin:/zeus/opt/intel_2019/intel/compilers_and_libraries_2019.5.281/linux/daal/../tbb/lib/intel64_lin/gcc4.4:/opt/ibm/lsfsuite/ext/ppm/10.2/linux2.6-glibc2.3-x86_64/lib:/opt/ibm/lsfsuite/ext/ppm/10.2/linux2.6-glibc2.3-x86_64/lib:/opt/ibm/lsfsuite/lsf/10.1/linux2.6-glibc2.3-x86_64/lib
+++ export LD_LIBRARY_PATH
+++ LOADEDMODULES=intel19.5/19.5.281:intel19.5/szip/2.1.1:intel19.5/netcdf/C_4.7.2-F_4.5.2_CXX_4.3.1:ncl/6.6.2
+++ export LOADEDMODULES
+++ MANPATH=/zeus/opt/ncl/6.6.2/man:/zeus/opt/intel19.5/netcdf/C_4.7.2-F_4.5.2_CXX_4.3.1/share/man:/zeus/opt/intel_2019/intel/man/common:/zeus/opt/intel_2019/intel/compilers_and_libraries_2019.5.281/linux/mpi/man:/zeus/opt/intel_2019/intel/documentation_2019/en/debugger/gdb-ia/man/:/opt/ibm/lsfsuite/ext/ppm/10.2/man:/opt/ibm/lsfsuite/ext/ppm/10.2/man:/opt/ibm/lsfsuite/lsf/10.1/man:
+++ export MANPATH
+++ NCARG_RANGS=/zeus/opt/ncl/6.6.2/lib/ncarg/database/rangs
+++ export NCARG_RANGS
+++ NCARG_ROOT=/zeus/opt/ncl/6.6.2
+++ export NCARG_ROOT
+++ PATH=/zeus/opt/ncl/6.6.2/bin:/zeus/opt/intel19.5/netcdf/C_4.7.2-F_4.5.2_CXX_4.3.1/bin:/zeus/opt/intel_2019/intel/compilers_and_libraries_2019.5.281/linux/bin/intel64:/zeus/opt/intel_2019/intel/compilers_and_libraries_2019.5.281/linux/mpi/intel64/libfabric/bin:/zeus/opt/intel_2019/intel/compilers_and_libraries_2019.5.281/linux/mpi/intel64/bin:/zeus/opt/intel_2019/intel/debugger_2019/gdb/intel64/bin:/opt/ibm/lsfsuite/lsf/10.1/linux2.6-glibc2.3-x86_64/etc:/opt/ibm/lsfsuite/lsf/10.1/linux2.6-glibc2.3-x86_64/bin:/opt/ibm/lsfsuite/ext/ppm/10.2/bin:/opt/ibm/lsfsuite/ext/ppm/10.2/linux2.6-glibc2.3-x86_64/bin:/opt/ibm/lsfsuite/ext/ppm/10.2/bin:/opt/ibm/lsfsuite/ext/ppm/10.2/linux2.6-glibc2.3-x86_64/bin:/bin:/usr/bin/:/usr/mbin:/local/bin:/usr/local:/usr/ucb:/usr/local/sbin:/usr/sbin:/opt/ibutils/bin:/bin:/usr/bin:/zeus/opt/batch_tools/bin/:/zeus/opt/tools/bin:/users_home/csp/dp16116/.local/bin:/users_home/csp/dp16116/bin:/bin:/usr/bin:/zeus/opt/batch_tools/bin/:/zeus/opt/tools/bin
+++ export PATH
+++ PKG_CONFIG_PATH=/usr/lib64
+++ export PKG_CONFIG_PATH
+++ _LMFILES_=/zeus/opt/modulefiles-intel19.5/intel19.5/19.5.281:/zeus/opt/modulefiles-intel19.5/intel19.5/szip/2.1.1:/zeus/opt/modulefiles-intel19.5/intel19.5/netcdf/C_4.7.2-F_4.5.2_CXX_4.3.1:/zeus/opt/modulefiles/ncl/6.6.2
+++ export _LMFILES_
++ module load intel19.5/hdf5/1.10.5
/usr/bin/modulecmd sh $*
+++ /usr/bin/modulecmd sh load intel19.5/hdf5/1.10.5
++ eval HDF5=/zeus/opt/intel19.5/hdf5/1.10.5 ';export' 'HDF5;HDF5_DIR=/zeus/opt/intel19.5/hdf5/1.10.5' ';export' 'HDF5_DIR;LD_RUN_PATH=/zeus/opt/intel19.5/hdf5/1.10.5/lib:/zeus/opt/intel19.5/szip/2.1.1/lib' ';export' 'LD_RUN_PATH;LOADEDMODULES=intel19.5/19.5.281:intel19.5/szip/2.1.1:intel19.5/netcdf/C_4.7.2-F_4.5.2_CXX_4.3.1:ncl/6.6.2:intel19.5/hdf5/1.10.5' ';export' 'LOADEDMODULES;PATH=/zeus/opt/intel19.5/hdf5/1.10.5/bin:/zeus/opt/ncl/6.6.2/bin:/zeus/opt/intel19.5/netcdf/C_4.7.2-F_4.5.2_CXX_4.3.1/bin:/zeus/opt/intel_2019/intel/compilers_and_libraries_2019.5.281/linux/bin/intel64:/zeus/opt/intel_2019/intel/compilers_and_libraries_2019.5.281/linux/mpi/intel64/libfabric/bin:/zeus/opt/intel_2019/intel/compilers_and_libraries_2019.5.281/linux/mpi/intel64/bin:/zeus/opt/intel_2019/intel/debugger_2019/gdb/intel64/bin:/opt/ibm/lsfsuite/lsf/10.1/linux2.6-glibc2.3-x86_64/etc:/opt/ibm/lsfsuite/lsf/10.1/linux2.6-glibc2.3-x86_64/bin:/opt/ibm/lsfsuite/ext/ppm/10.2/bin:/opt/ibm/lsfsuite/ext/ppm/10.2/linux2.6-glibc2.3-x86_64/bin:/opt/ibm/lsfsuite/ext/ppm/10.2/bin:/opt/ibm/lsfsuite/ext/ppm/10.2/linux2.6-glibc2.3-x86_64/bin:/bin:/usr/bin/:/usr/mbin:/local/bin:/usr/local:/usr/ucb:/usr/local/sbin:/usr/sbin:/opt/ibutils/bin:/bin:/usr/bin:/zeus/opt/batch_tools/bin/:/zeus/opt/tools/bin:/users_home/csp/dp16116/.local/bin:/users_home/csp/dp16116/bin:/bin:/usr/bin:/zeus/opt/batch_tools/bin/:/zeus/opt/tools/bin' ';export' 'PATH;_LMFILES_=/zeus/opt/modulefiles-intel19.5/intel19.5/19.5.281:/zeus/opt/modulefiles-intel19.5/intel19.5/szip/2.1.1:/zeus/opt/modulefiles-intel19.5/intel19.5/netcdf/C_4.7.2-F_4.5.2_CXX_4.3.1:/zeus/opt/modulefiles/ncl/6.6.2:/zeus/opt/modulefiles-intel19.5/intel19.5/hdf5/1.10.5' ';export' '_LMFILES_;'
HDF5=/zeus/opt/intel19.5/hdf5/1.10.5 ;export HDF5;HDF5_DIR=/zeus/opt/intel19.5/hdf5/1.10.5 ;export HDF5_DIR;LD_RUN_PATH=/zeus/opt/intel19.5/hdf5/1.10.5/lib:/zeus/opt/intel19.5/szip/2.1.1/lib ;export LD_RUN_PATH;LOADEDMODULES=intel19.5/19.5.281:intel19.5/szip/2.1.1:intel19.5/netcdf/C_4.7.2-F_4.5.2_CXX_4.3.1:ncl/6.6.2:intel19.5/hdf5/1.10.5 ;export LOADEDMODULES;PATH=/zeus/opt/intel19.5/hdf5/1.10.5/bin:/zeus/opt/ncl/6.6.2/bin:/zeus/opt/intel19.5/netcdf/C_4.7.2-F_4.5.2_CXX_4.3.1/bin:/zeus/opt/intel_2019/intel/compilers_and_libraries_2019.5.281/linux/bin/intel64:/zeus/opt/intel_2019/intel/compilers_and_libraries_2019.5.281/linux/mpi/intel64/libfabric/bin:/zeus/opt/intel_2019/intel/compilers_and_libraries_2019.5.281/linux/mpi/intel64/bin:/zeus/opt/intel_2019/intel/debugger_2019/gdb/intel64/bin:/opt/ibm/lsfsuite/lsf/10.1/linux2.6-glibc2.3-x86_64/etc:/opt/ibm/lsfsuite/lsf/10.1/linux2.6-glibc2.3-x86_64/bin:/opt/ibm/lsfsuite/ext/ppm/10.2/bin:/opt/ibm/lsfsuite/ext/ppm/10.2/linux2.6-glibc2.3-x86_64/bin:/opt/ibm/lsfsuite/ext/ppm/10.2/bin:/opt/ibm/lsfsuite/ext/ppm/10.2/linux2.6-glibc2.3-x86_64/bin:/bin:/usr/bin/:/usr/mbin:/local/bin:/usr/local:/usr/ucb:/usr/local/sbin:/usr/sbin:/opt/ibutils/bin:/bin:/usr/bin:/zeus/opt/batch_tools/bin/:/zeus/opt/tools/bin:/users_home/csp/dp16116/.local/bin:/users_home/csp/dp16116/bin:/bin:/usr/bin:/zeus/opt/batch_tools/bin/:/zeus/opt/tools/bin ;export PATH;_LMFILES_=/zeus/opt/modulefiles-intel19.5/intel19.5/19.5.281:/zeus/opt/modulefiles-intel19.5/intel19.5/szip/2.1.1:/zeus/opt/modulefiles-intel19.5/intel19.5/netcdf/C_4.7.2-F_4.5.2_CXX_4.3.1:/zeus/opt/modulefiles/ncl/6.6.2:/zeus/opt/modulefiles-intel19.5/intel19.5/hdf5/1.10.5 ;export _LMFILES_;
+++ HDF5=/zeus/opt/intel19.5/hdf5/1.10.5
+++ export HDF5
+++ HDF5_DIR=/zeus/opt/intel19.5/hdf5/1.10.5
+++ export HDF5_DIR
+++ LD_RUN_PATH=/zeus/opt/intel19.5/hdf5/1.10.5/lib:/zeus/opt/intel19.5/szip/2.1.1/lib
+++ export LD_RUN_PATH
+++ LOADEDMODULES=intel19.5/19.5.281:intel19.5/szip/2.1.1:intel19.5/netcdf/C_4.7.2-F_4.5.2_CXX_4.3.1:ncl/6.6.2:intel19.5/hdf5/1.10.5
+++ export LOADEDMODULES
+++ PATH=/zeus/opt/intel19.5/hdf5/1.10.5/bin:/zeus/opt/ncl/6.6.2/bin:/zeus/opt/intel19.5/netcdf/C_4.7.2-F_4.5.2_CXX_4.3.1/bin:/zeus/opt/intel_2019/intel/compilers_and_libraries_2019.5.281/linux/bin/intel64:/zeus/opt/intel_2019/intel/compilers_and_libraries_2019.5.281/linux/mpi/intel64/libfabric/bin:/zeus/opt/intel_2019/intel/compilers_and_libraries_2019.5.281/linux/mpi/intel64/bin:/zeus/opt/intel_2019/intel/debugger_2019/gdb/intel64/bin:/opt/ibm/lsfsuite/lsf/10.1/linux2.6-glibc2.3-x86_64/etc:/opt/ibm/lsfsuite/lsf/10.1/linux2.6-glibc2.3-x86_64/bin:/opt/ibm/lsfsuite/ext/ppm/10.2/bin:/opt/ibm/lsfsuite/ext/ppm/10.2/linux2.6-glibc2.3-x86_64/bin:/opt/ibm/lsfsuite/ext/ppm/10.2/bin:/opt/ibm/lsfsuite/ext/ppm/10.2/linux2.6-glibc2.3-x86_64/bin:/bin:/usr/bin/:/usr/mbin:/local/bin:/usr/local:/usr/ucb:/usr/local/sbin:/usr/sbin:/opt/ibutils/bin:/bin:/usr/bin:/zeus/opt/batch_tools/bin/:/zeus/opt/tools/bin:/users_home/csp/dp16116/.local/bin:/users_home/csp/dp16116/bin:/bin:/usr/bin:/zeus/opt/batch_tools/bin/:/zeus/opt/tools/bin
+++ export PATH
+++ _LMFILES_=/zeus/opt/modulefiles-intel19.5/intel19.5/19.5.281:/zeus/opt/modulefiles-intel19.5/intel19.5/szip/2.1.1:/zeus/opt/modulefiles-intel19.5/intel19.5/netcdf/C_4.7.2-F_4.5.2_CXX_4.3.1:/zeus/opt/modulefiles/ncl/6.6.2:/zeus/opt/modulefiles-intel19.5/intel19.5/hdf5/1.10.5
+++ export _LMFILES_
++ module load intel19.5/udunits/2.2.26
/usr/bin/modulecmd sh $*
+++ /usr/bin/modulecmd sh load intel19.5/udunits/2.2.26
++ eval LD_LIBRARY_PATH=/zeus/opt/intel19.5/udunits/2.2.26/lib:/zeus/opt/ncl/6.6.2/lib:/usr/lib64:/zeus/opt/intel19.5/netcdf/C_4.7.2-F_4.5.2_CXX_4.3.1/lib:/zeus/opt/curl/7.66.0/lib:/zeus/opt/intel19.5/hdf5/1.10.5/lib:/zeus/opt/intel19.5/netcdf/C_4.7.2-F_4.5.2_CXX_4.3.1/lib:/zeus/opt/intel19.5/szip/2.1.1/lib:/zeus/opt/intel_2019/intel/compilers_and_libraries_2019.5.281/linux/mpi/intel64/libfabric/lib:/zeus/opt/intel_2019/intel/compilers_and_libraries_2019.5.281/linux/mpi/intel64/lib/release:/zeus/opt/intel_2019/intel/compilers_and_libraries_2019.5.281/linux/mpi/intel64/lib:/zeus/opt/intel_2019/intel/compilers_and_libraries_2019.5.281/linux/ipp/lib/intel64:/zeus/opt/intel_2019/intel/compilers_and_libraries_2019.5.281/linux/compiler/lib/intel64_lin:/zeus/opt/intel_2019/intel/compilers_and_libraries_2019.5.281/linux/mkl/lib/intel64_lin:/zeus/opt/intel_2019/intel/compilers_and_libraries_2019.5.281/linux/tbb/lib/intel64/gcc4.7:/zeus/opt/intel_2019/intel/debugger_2019/libipt/intel64/lib:/zeus/opt/intel_2019/intel/compilers_and_libraries_2019.5.281/linux/daal/lib/intel64_lin:/zeus/opt/intel_2019/intel/compilers_and_libraries_2019.5.281/linux/daal/../tbb/lib/intel64_lin/gcc4.4:/opt/ibm/lsfsuite/ext/ppm/10.2/linux2.6-glibc2.3-x86_64/lib:/opt/ibm/lsfsuite/ext/ppm/10.2/linux2.6-glibc2.3-x86_64/lib:/opt/ibm/lsfsuite/lsf/10.1/linux2.6-glibc2.3-x86_64/lib ';export' 'LD_LIBRARY_PATH;LD_RUN_PATH=/zeus/opt/intel19.5/udunits/2.2.26/lib:/zeus/opt/intel19.5/hdf5/1.10.5/lib:/zeus/opt/intel19.5/szip/2.1.1/lib' ';export' 'LD_RUN_PATH;LOADEDMODULES=intel19.5/19.5.281:intel19.5/szip/2.1.1:intel19.5/netcdf/C_4.7.2-F_4.5.2_CXX_4.3.1:ncl/6.6.2:intel19.5/hdf5/1.10.5:intel19.5/udunits/2.2.26' ';export' 'LOADEDMODULES;PATH=/zeus/opt/intel19.5/udunits/2.2.26/bin:/zeus/opt/intel19.5/hdf5/1.10.5/bin:/zeus/opt/ncl/6.6.2/bin:/zeus/opt/intel19.5/netcdf/C_4.7.2-F_4.5.2_CXX_4.3.1/bin:/zeus/opt/intel_2019/intel/compilers_and_libraries_2019.5.281/linux/bin/intel64:/zeus/opt/intel_2019/intel/compilers_and_libraries_2019.5.281/linux/mpi/intel64/libfabric/bin:/zeus/opt/intel_2019/intel/compilers_and_libraries_2019.5.281/linux/mpi/intel64/bin:/zeus/opt/intel_2019/intel/debugger_2019/gdb/intel64/bin:/opt/ibm/lsfsuite/lsf/10.1/linux2.6-glibc2.3-x86_64/etc:/opt/ibm/lsfsuite/lsf/10.1/linux2.6-glibc2.3-x86_64/bin:/opt/ibm/lsfsuite/ext/ppm/10.2/bin:/opt/ibm/lsfsuite/ext/ppm/10.2/linux2.6-glibc2.3-x86_64/bin:/opt/ibm/lsfsuite/ext/ppm/10.2/bin:/opt/ibm/lsfsuite/ext/ppm/10.2/linux2.6-glibc2.3-x86_64/bin:/bin:/usr/bin/:/usr/mbin:/local/bin:/usr/local:/usr/ucb:/usr/local/sbin:/usr/sbin:/opt/ibutils/bin:/bin:/usr/bin:/zeus/opt/batch_tools/bin/:/zeus/opt/tools/bin:/users_home/csp/dp16116/.local/bin:/users_home/csp/dp16116/bin:/bin:/usr/bin:/zeus/opt/batch_tools/bin/:/zeus/opt/tools/bin' ';export' 'PATH;UDUNITS2_INCLUDE=/zeus/opt/intel19.5/udunits/2.2.26/include' ';export' 'UDUNITS2_INCLUDE;UDUNITS2_LIBS=/zeus/opt/intel19.5/udunits/2.2.26/lib' ';export' 'UDUNITS2_LIBS;UDUNITS_PATH=/zeus/opt/intel19.5/udunits/2.2.26' ';export' 'UDUNITS_PATH;_LMFILES_=/zeus/opt/modulefiles-intel19.5/intel19.5/19.5.281:/zeus/opt/modulefiles-intel19.5/intel19.5/szip/2.1.1:/zeus/opt/modulefiles-intel19.5/intel19.5/netcdf/C_4.7.2-F_4.5.2_CXX_4.3.1:/zeus/opt/modulefiles/ncl/6.6.2:/zeus/opt/modulefiles-intel19.5/intel19.5/hdf5/1.10.5:/zeus/opt/modulefiles-intel19.5/intel19.5/udunits/2.2.26' ';export' '_LMFILES_;'
LD_LIBRARY_PATH=/zeus/opt/intel19.5/udunits/2.2.26/lib:/zeus/opt/ncl/6.6.2/lib:/usr/lib64:/zeus/opt/intel19.5/netcdf/C_4.7.2-F_4.5.2_CXX_4.3.1/lib:/zeus/opt/curl/7.66.0/lib:/zeus/opt/intel19.5/hdf5/1.10.5/lib:/zeus/opt/intel19.5/netcdf/C_4.7.2-F_4.5.2_CXX_4.3.1/lib:/zeus/opt/intel19.5/szip/2.1.1/lib:/zeus/opt/intel_2019/intel/compilers_and_libraries_2019.5.281/linux/mpi/intel64/libfabric/lib:/zeus/opt/intel_2019/intel/compilers_and_libraries_2019.5.281/linux/mpi/intel64/lib/release:/zeus/opt/intel_2019/intel/compilers_and_libraries_2019.5.281/linux/mpi/intel64/lib:/zeus/opt/intel_2019/intel/compilers_and_libraries_2019.5.281/linux/ipp/lib/intel64:/zeus/opt/intel_2019/intel/compilers_and_libraries_2019.5.281/linux/compiler/lib/intel64_lin:/zeus/opt/intel_2019/intel/compilers_and_libraries_2019.5.281/linux/mkl/lib/intel64_lin:/zeus/opt/intel_2019/intel/compilers_and_libraries_2019.5.281/linux/tbb/lib/intel64/gcc4.7:/zeus/opt/intel_2019/intel/debugger_2019/libipt/intel64/lib:/zeus/opt/intel_2019/intel/compilers_and_libraries_2019.5.281/linux/daal/lib/intel64_lin:/zeus/opt/intel_2019/intel/compilers_and_libraries_2019.5.281/linux/daal/../tbb/lib/intel64_lin/gcc4.4:/opt/ibm/lsfsuite/ext/ppm/10.2/linux2.6-glibc2.3-x86_64/lib:/opt/ibm/lsfsuite/ext/ppm/10.2/linux2.6-glibc2.3-x86_64/lib:/opt/ibm/lsfsuite/lsf/10.1/linux2.6-glibc2.3-x86_64/lib ;export LD_LIBRARY_PATH;LD_RUN_PATH=/zeus/opt/intel19.5/udunits/2.2.26/lib:/zeus/opt/intel19.5/hdf5/1.10.5/lib:/zeus/opt/intel19.5/szip/2.1.1/lib ;export LD_RUN_PATH;LOADEDMODULES=intel19.5/19.5.281:intel19.5/szip/2.1.1:intel19.5/netcdf/C_4.7.2-F_4.5.2_CXX_4.3.1:ncl/6.6.2:intel19.5/hdf5/1.10.5:intel19.5/udunits/2.2.26 ;export LOADEDMODULES;PATH=/zeus/opt/intel19.5/udunits/2.2.26/bin:/zeus/opt/intel19.5/hdf5/1.10.5/bin:/zeus/opt/ncl/6.6.2/bin:/zeus/opt/intel19.5/netcdf/C_4.7.2-F_4.5.2_CXX_4.3.1/bin:/zeus/opt/intel_2019/intel/compilers_and_libraries_2019.5.281/linux/bin/intel64:/zeus/opt/intel_2019/intel/compilers_and_libraries_2019.5.281/linux/mpi/intel64/libfabric/bin:/zeus/opt/intel_2019/intel/compilers_and_libraries_2019.5.281/linux/mpi/intel64/bin:/zeus/opt/intel_2019/intel/debugger_2019/gdb/intel64/bin:/opt/ibm/lsfsuite/lsf/10.1/linux2.6-glibc2.3-x86_64/etc:/opt/ibm/lsfsuite/lsf/10.1/linux2.6-glibc2.3-x86_64/bin:/opt/ibm/lsfsuite/ext/ppm/10.2/bin:/opt/ibm/lsfsuite/ext/ppm/10.2/linux2.6-glibc2.3-x86_64/bin:/opt/ibm/lsfsuite/ext/ppm/10.2/bin:/opt/ibm/lsfsuite/ext/ppm/10.2/linux2.6-glibc2.3-x86_64/bin:/bin:/usr/bin/:/usr/mbin:/local/bin:/usr/local:/usr/ucb:/usr/local/sbin:/usr/sbin:/opt/ibutils/bin:/bin:/usr/bin:/zeus/opt/batch_tools/bin/:/zeus/opt/tools/bin:/users_home/csp/dp16116/.local/bin:/users_home/csp/dp16116/bin:/bin:/usr/bin:/zeus/opt/batch_tools/bin/:/zeus/opt/tools/bin ;export PATH;UDUNITS2_INCLUDE=/zeus/opt/intel19.5/udunits/2.2.26/include ;export UDUNITS2_INCLUDE;UDUNITS2_LIBS=/zeus/opt/intel19.5/udunits/2.2.26/lib ;export UDUNITS2_LIBS;UDUNITS_PATH=/zeus/opt/intel19.5/udunits/2.2.26 ;export UDUNITS_PATH;_LMFILES_=/zeus/opt/modulefiles-intel19.5/intel19.5/19.5.281:/zeus/opt/modulefiles-intel19.5/intel19.5/szip/2.1.1:/zeus/opt/modulefiles-intel19.5/intel19.5/netcdf/C_4.7.2-F_4.5.2_CXX_4.3.1:/zeus/opt/modulefiles/ncl/6.6.2:/zeus/opt/modulefiles-intel19.5/intel19.5/hdf5/1.10.5:/zeus/opt/modulefiles-intel19.5/intel19.5/udunits/2.2.26 ;export _LMFILES_;
+++ LD_LIBRARY_PATH=/zeus/opt/intel19.5/udunits/2.2.26/lib:/zeus/opt/ncl/6.6.2/lib:/usr/lib64:/zeus/opt/intel19.5/netcdf/C_4.7.2-F_4.5.2_CXX_4.3.1/lib:/zeus/opt/curl/7.66.0/lib:/zeus/opt/intel19.5/hdf5/1.10.5/lib:/zeus/opt/intel19.5/netcdf/C_4.7.2-F_4.5.2_CXX_4.3.1/lib:/zeus/opt/intel19.5/szip/2.1.1/lib:/zeus/opt/intel_2019/intel/compilers_and_libraries_2019.5.281/linux/mpi/intel64/libfabric/lib:/zeus/opt/intel_2019/intel/compilers_and_libraries_2019.5.281/linux/mpi/intel64/lib/release:/zeus/opt/intel_2019/intel/compilers_and_libraries_2019.5.281/linux/mpi/intel64/lib:/zeus/opt/intel_2019/intel/compilers_and_libraries_2019.5.281/linux/ipp/lib/intel64:/zeus/opt/intel_2019/intel/compilers_and_libraries_2019.5.281/linux/compiler/lib/intel64_lin:/zeus/opt/intel_2019/intel/compilers_and_libraries_2019.5.281/linux/mkl/lib/intel64_lin:/zeus/opt/intel_2019/intel/compilers_and_libraries_2019.5.281/linux/tbb/lib/intel64/gcc4.7:/zeus/opt/intel_2019/intel/debugger_2019/libipt/intel64/lib:/zeus/opt/intel_2019/intel/compilers_and_libraries_2019.5.281/linux/daal/lib/intel64_lin:/zeus/opt/intel_2019/intel/compilers_and_libraries_2019.5.281/linux/daal/../tbb/lib/intel64_lin/gcc4.4:/opt/ibm/lsfsuite/ext/ppm/10.2/linux2.6-glibc2.3-x86_64/lib:/opt/ibm/lsfsuite/ext/ppm/10.2/linux2.6-glibc2.3-x86_64/lib:/opt/ibm/lsfsuite/lsf/10.1/linux2.6-glibc2.3-x86_64/lib
+++ export LD_LIBRARY_PATH
+++ LD_RUN_PATH=/zeus/opt/intel19.5/udunits/2.2.26/lib:/zeus/opt/intel19.5/hdf5/1.10.5/lib:/zeus/opt/intel19.5/szip/2.1.1/lib
+++ export LD_RUN_PATH
+++ LOADEDMODULES=intel19.5/19.5.281:intel19.5/szip/2.1.1:intel19.5/netcdf/C_4.7.2-F_4.5.2_CXX_4.3.1:ncl/6.6.2:intel19.5/hdf5/1.10.5:intel19.5/udunits/2.2.26
+++ export LOADEDMODULES
+++ PATH=/zeus/opt/intel19.5/udunits/2.2.26/bin:/zeus/opt/intel19.5/hdf5/1.10.5/bin:/zeus/opt/ncl/6.6.2/bin:/zeus/opt/intel19.5/netcdf/C_4.7.2-F_4.5.2_CXX_4.3.1/bin:/zeus/opt/intel_2019/intel/compilers_and_libraries_2019.5.281/linux/bin/intel64:/zeus/opt/intel_2019/intel/compilers_and_libraries_2019.5.281/linux/mpi/intel64/libfabric/bin:/zeus/opt/intel_2019/intel/compilers_and_libraries_2019.5.281/linux/mpi/intel64/bin:/zeus/opt/intel_2019/intel/debugger_2019/gdb/intel64/bin:/opt/ibm/lsfsuite/lsf/10.1/linux2.6-glibc2.3-x86_64/etc:/opt/ibm/lsfsuite/lsf/10.1/linux2.6-glibc2.3-x86_64/bin:/opt/ibm/lsfsuite/ext/ppm/10.2/bin:/opt/ibm/lsfsuite/ext/ppm/10.2/linux2.6-glibc2.3-x86_64/bin:/opt/ibm/lsfsuite/ext/ppm/10.2/bin:/opt/ibm/lsfsuite/ext/ppm/10.2/linux2.6-glibc2.3-x86_64/bin:/bin:/usr/bin/:/usr/mbin:/local/bin:/usr/local:/usr/ucb:/usr/local/sbin:/usr/sbin:/opt/ibutils/bin:/bin:/usr/bin:/zeus/opt/batch_tools/bin/:/zeus/opt/tools/bin:/users_home/csp/dp16116/.local/bin:/users_home/csp/dp16116/bin:/bin:/usr/bin:/zeus/opt/batch_tools/bin/:/zeus/opt/tools/bin
+++ export PATH
+++ UDUNITS2_INCLUDE=/zeus/opt/intel19.5/udunits/2.2.26/include
+++ export UDUNITS2_INCLUDE
+++ UDUNITS2_LIBS=/zeus/opt/intel19.5/udunits/2.2.26/lib
+++ export UDUNITS2_LIBS
+++ UDUNITS_PATH=/zeus/opt/intel19.5/udunits/2.2.26
+++ export UDUNITS_PATH
+++ _LMFILES_=/zeus/opt/modulefiles-intel19.5/intel19.5/19.5.281:/zeus/opt/modulefiles-intel19.5/intel19.5/szip/2.1.1:/zeus/opt/modulefiles-intel19.5/intel19.5/netcdf/C_4.7.2-F_4.5.2_CXX_4.3.1:/zeus/opt/modulefiles/ncl/6.6.2:/zeus/opt/modulefiles-intel19.5/intel19.5/hdf5/1.10.5:/zeus/opt/modulefiles-intel19.5/intel19.5/udunits/2.2.26
+++ export _LMFILES_


set -evxu
+ set -evxu
echo "-----------STARTING postrun-------- "`date`
date
++ date
+ echo '-----------STARTING postrun-------- Tue' Oct 19 09:51:50 CEST 2021

#######################################################################


#HERE=$PWD
HERE=/users_home/csp/as34319/CESM2/work/rebuild_nemo
+ HERE=/users_home/csp/as34319/CESM2/work/rebuild_nemo
REBUILD="$HERE/rebuild_nemo"
+ REBUILD=/users_home/csp/as34319/CESM2/work/rebuild_nemo/rebuild_nemo
REBUILDEXE="$HERE/rebuild_nemo.exe"
+ REBUILDEXE=/users_home/csp/as34319/CESM2/work/rebuild_nemo/rebuild_nemo.exe

#######################################################################

#######################################################################

NCPU=4
+ NCPU=4

outdir=/work/csp/dp16116/CESM2/2000_cam6-nemo4_025deg_tc01b/run
+ outdir=/work/csp/dp16116/CESM2/2000_cam6-nemo4_025deg_tc01b/run
ln -sf $REBUILD $outdir
+ ln -sf /users_home/csp/as34319/CESM2/work/rebuild_nemo/rebuild_nemo /work/csp/dp16116/CESM2/2000_cam6-nemo4_025deg_tc01b/run
ln -sf $REBUILDEXE $outdir
+ ln -sf /users_home/csp/as34319/CESM2/work/rebuild_nemo/rebuild_nemo.exe /work/csp/dp16116/CESM2/2000_cam6-nemo4_025deg_tc01b/run
cd $outdir
+ cd /work/csp/dp16116/CESM2/2000_cam6-nemo4_025deg_tc01b/run
root=2000_cam6-nemo4_025deg_tc01_00104832_restart
+ root=2000_cam6-nemo4_025deg_tc01_00104832_restart
if [ -f ${root}_0000.nc ]; then
      npes=`ls ${root}_[0-9][0-9][0-9][0-9].nc | wc -w`
      ${REBUILD} ${root} ${npes} #&& \
#      rm -f ${root}_[0-9][0-9][0-9][0-9].nc || exit 1 &
fi
+ '[' -f 2000_cam6-nemo4_025deg_tc01_00104832_restart_0000.nc ']'
ls ${root}_[0-9][0-9][0-9][0-9].nc | wc -w
++ wc -w
++ ls 2000_cam6-nemo4_025deg_tc01_00104832_restart_0000.nc 2000_cam6-nemo4_025deg_tc01_00104832_restart_0001.nc 2000_cam6-nemo4_025deg_tc01_00104832_restart_0002.nc 2000_cam6-nemo4_025deg_tc01_00104832_restart_0003.nc 2000_cam6-nemo4_025deg_tc01_00104832_restart_0004.nc 2000_cam6-nemo4_025deg_tc01_00104832_restart_0005.nc 2000_cam6-nemo4_025deg_tc01_00104832_restart_0006.nc 2000_cam6-nemo4_025deg_tc01_00104832_restart_0007.nc 2000_cam6-nemo4_025deg_tc01_00104832_restart_0008.nc 2000_cam6-nemo4_025deg_tc01_00104832_restart_0009.nc 2000_cam6-nemo4_025deg_tc01_00104832_restart_0010.nc 2000_cam6-nemo4_025deg_tc01_00104832_restart_0011.nc 2000_cam6-nemo4_025deg_tc01_00104832_restart_0012.nc 2000_cam6-nemo4_025deg_tc01_00104832_restart_0013.nc 2000_cam6-nemo4_025deg_tc01_00104832_restart_0014.nc 2000_cam6-nemo4_025deg_tc01_00104832_restart_0015.nc 2000_cam6-nemo4_025deg_tc01_00104832_restart_0016.nc 2000_cam6-nemo4_025deg_tc01_00104832_restart_0017.nc 2000_cam6-nemo4_025deg_tc01_00104832_restart_0018.nc 2000_cam6-nemo4_025deg_tc01_00104832_restart_0019.nc 2000_cam6-nemo4_025deg_tc01_00104832_restart_0020.nc 2000_cam6-nemo4_025deg_tc01_00104832_restart_0021.nc 2000_cam6-nemo4_025deg_tc01_00104832_restart_0022.nc 2000_cam6-nemo4_025deg_tc01_00104832_restart_0023.nc 2000_cam6-nemo4_025deg_tc01_00104832_restart_0024.nc 2000_cam6-nemo4_025deg_tc01_00104832_restart_0025.nc 2000_cam6-nemo4_025deg_tc01_00104832_restart_0026.nc 2000_cam6-nemo4_025deg_tc01_00104832_restart_0027.nc 2000_cam6-nemo4_025deg_tc01_00104832_restart_0028.nc 2000_cam6-nemo4_025deg_tc01_00104832_restart_0029.nc 2000_cam6-nemo4_025deg_tc01_00104832_restart_0030.nc 2000_cam6-nemo4_025deg_tc01_00104832_restart_0031.nc 2000_cam6-nemo4_025deg_tc01_00104832_restart_0032.nc 2000_cam6-nemo4_025deg_tc01_00104832_restart_0033.nc 2000_cam6-nemo4_025deg_tc01_00104832_restart_0034.nc 2000_cam6-nemo4_025deg_tc01_00104832_restart_0035.nc 2000_cam6-nemo4_025deg_tc01_00104832_restart_0036.nc 2000_cam6-nemo4_025deg_tc01_00104832_restart_0037.nc 2000_cam6-nemo4_025deg_tc01_00104832_restart_0038.nc 2000_cam6-nemo4_025deg_tc01_00104832_restart_0039.nc 2000_cam6-nemo4_025deg_tc01_00104832_restart_0040.nc 2000_cam6-nemo4_025deg_tc01_00104832_restart_0041.nc 2000_cam6-nemo4_025deg_tc01_00104832_restart_0042.nc 2000_cam6-nemo4_025deg_tc01_00104832_restart_0043.nc 2000_cam6-nemo4_025deg_tc01_00104832_restart_0044.nc 2000_cam6-nemo4_025deg_tc01_00104832_restart_0045.nc 2000_cam6-nemo4_025deg_tc01_00104832_restart_0046.nc 2000_cam6-nemo4_025deg_tc01_00104832_restart_0047.nc 2000_cam6-nemo4_025deg_tc01_00104832_restart_0048.nc 2000_cam6-nemo4_025deg_tc01_00104832_restart_0049.nc 2000_cam6-nemo4_025deg_tc01_00104832_restart_0050.nc 2000_cam6-nemo4_025deg_tc01_00104832_restart_0051.nc 2000_cam6-nemo4_025deg_tc01_00104832_restart_0052.nc 2000_cam6-nemo4_025deg_tc01_00104832_restart_0053.nc 2000_cam6-nemo4_025deg_tc01_00104832_restart_0054.nc 2000_cam6-nemo4_025deg_tc01_00104832_restart_0055.nc 2000_cam6-nemo4_025deg_tc01_00104832_restart_0056.nc 2000_cam6-nemo4_025deg_tc01_00104832_restart_0057.nc 2000_cam6-nemo4_025deg_tc01_00104832_restart_0058.nc 2000_cam6-nemo4_025deg_tc01_00104832_restart_0059.nc 2000_cam6-nemo4_025deg_tc01_00104832_restart_0060.nc 2000_cam6-nemo4_025deg_tc01_00104832_restart_0061.nc 2000_cam6-nemo4_025deg_tc01_00104832_restart_0062.nc 2000_cam6-nemo4_025deg_tc01_00104832_restart_0063.nc 2000_cam6-nemo4_025deg_tc01_00104832_restart_0064.nc 2000_cam6-nemo4_025deg_tc01_00104832_restart_0065.nc 2000_cam6-nemo4_025deg_tc01_00104832_restart_0066.nc 2000_cam6-nemo4_025deg_tc01_00104832_restart_0067.nc 2000_cam6-nemo4_025deg_tc01_00104832_restart_0068.nc 2000_cam6-nemo4_025deg_tc01_00104832_restart_0069.nc 2000_cam6-nemo4_025deg_tc01_00104832_restart_0070.nc 2000_cam6-nemo4_025deg_tc01_00104832_restart_0071.nc 2000_cam6-nemo4_025deg_tc01_00104832_restart_0072.nc 2000_cam6-nemo4_025deg_tc01_00104832_restart_0073.nc 2000_cam6-nemo4_025deg_tc01_00104832_restart_0074.nc 2000_cam6-nemo4_025deg_tc01_00104832_restart_0075.nc 2000_cam6-nemo4_025deg_tc01_00104832_restart_0076.nc 2000_cam6-nemo4_025deg_tc01_00104832_restart_0077.nc 2000_cam6-nemo4_025deg_tc01_00104832_restart_0078.nc 2000_cam6-nemo4_025deg_tc01_00104832_restart_0079.nc 2000_cam6-nemo4_025deg_tc01_00104832_restart_0080.nc 2000_cam6-nemo4_025deg_tc01_00104832_restart_0081.nc 2000_cam6-nemo4_025deg_tc01_00104832_restart_0082.nc 2000_cam6-nemo4_025deg_tc01_00104832_restart_0083.nc 2000_cam6-nemo4_025deg_tc01_00104832_restart_0084.nc 2000_cam6-nemo4_025deg_tc01_00104832_restart_0085.nc 2000_cam6-nemo4_025deg_tc01_00104832_restart_0086.nc 2000_cam6-nemo4_025deg_tc01_00104832_restart_0087.nc 2000_cam6-nemo4_025deg_tc01_00104832_restart_0088.nc 2000_cam6-nemo4_025deg_tc01_00104832_restart_0089.nc 2000_cam6-nemo4_025deg_tc01_00104832_restart_0090.nc 2000_cam6-nemo4_025deg_tc01_00104832_restart_0091.nc 2000_cam6-nemo4_025deg_tc01_00104832_restart_0092.nc 2000_cam6-nemo4_025deg_tc01_00104832_restart_0093.nc 2000_cam6-nemo4_025deg_tc01_00104832_restart_0094.nc 2000_cam6-nemo4_025deg_tc01_00104832_restart_0095.nc 2000_cam6-nemo4_025deg_tc01_00104832_restart_0096.nc 2000_cam6-nemo4_025deg_tc01_00104832_restart_0097.nc 2000_cam6-nemo4_025deg_tc01_00104832_restart_0098.nc 2000_cam6-nemo4_025deg_tc01_00104832_restart_0099.nc 2000_cam6-nemo4_025deg_tc01_00104832_restart_0100.nc 2000_cam6-nemo4_025deg_tc01_00104832_restart_0101.nc 2000_cam6-nemo4_025deg_tc01_00104832_restart_0102.nc 2000_cam6-nemo4_025deg_tc01_00104832_restart_0103.nc 2000_cam6-nemo4_025deg_tc01_00104832_restart_0104.nc 2000_cam6-nemo4_025deg_tc01_00104832_restart_0105.nc 2000_cam6-nemo4_025deg_tc01_00104832_restart_0106.nc 2000_cam6-nemo4_025deg_tc01_00104832_restart_0107.nc 2000_cam6-nemo4_025deg_tc01_00104832_restart_0108.nc 2000_cam6-nemo4_025deg_tc01_00104832_restart_0109.nc 2000_cam6-nemo4_025deg_tc01_00104832_restart_0110.nc 2000_cam6-nemo4_025deg_tc01_00104832_restart_0111.nc 2000_cam6-nemo4_025deg_tc01_00104832_restart_0112.nc 2000_cam6-nemo4_025deg_tc01_00104832_restart_0113.nc 2000_cam6-nemo4_025deg_tc01_00104832_restart_0114.nc 2000_cam6-nemo4_025deg_tc01_00104832_restart_0115.nc 2000_cam6-nemo4_025deg_tc01_00104832_restart_0116.nc 2000_cam6-nemo4_025deg_tc01_00104832_restart_0117.nc 2000_cam6-nemo4_025deg_tc01_00104832_restart_0118.nc 2000_cam6-nemo4_025deg_tc01_00104832_restart_0119.nc 2000_cam6-nemo4_025deg_tc01_00104832_restart_0120.nc 2000_cam6-nemo4_025deg_tc01_00104832_restart_0121.nc 2000_cam6-nemo4_025deg_tc01_00104832_restart_0122.nc 2000_cam6-nemo4_025deg_tc01_00104832_restart_0123.nc 2000_cam6-nemo4_025deg_tc01_00104832_restart_0124.nc 2000_cam6-nemo4_025deg_tc01_00104832_restart_0125.nc 2000_cam6-nemo4_025deg_tc01_00104832_restart_0126.nc 2000_cam6-nemo4_025deg_tc01_00104832_restart_0127.nc 2000_cam6-nemo4_025deg_tc01_00104832_restart_0128.nc 2000_cam6-nemo4_025deg_tc01_00104832_restart_0129.nc 2000_cam6-nemo4_025deg_tc01_00104832_restart_0130.nc 2000_cam6-nemo4_025deg_tc01_00104832_restart_0131.nc 2000_cam6-nemo4_025deg_tc01_00104832_restart_0132.nc 2000_cam6-nemo4_025deg_tc01_00104832_restart_0133.nc 2000_cam6-nemo4_025deg_tc01_00104832_restart_0134.nc 2000_cam6-nemo4_025deg_tc01_00104832_restart_0135.nc 2000_cam6-nemo4_025deg_tc01_00104832_restart_0136.nc 2000_cam6-nemo4_025deg_tc01_00104832_restart_0137.nc 2000_cam6-nemo4_025deg_tc01_00104832_restart_0138.nc 2000_cam6-nemo4_025deg_tc01_00104832_restart_0139.nc 2000_cam6-nemo4_025deg_tc01_00104832_restart_0140.nc 2000_cam6-nemo4_025deg_tc01_00104832_restart_0141.nc 2000_cam6-nemo4_025deg_tc01_00104832_restart_0142.nc 2000_cam6-nemo4_025deg_tc01_00104832_restart_0143.nc 2000_cam6-nemo4_025deg_tc01_00104832_restart_0144.nc 2000_cam6-nemo4_025deg_tc01_00104832_restart_0145.nc 2000_cam6-nemo4_025deg_tc01_00104832_restart_0146.nc 2000_cam6-nemo4_025deg_tc01_00104832_restart_0147.nc 2000_cam6-nemo4_025deg_tc01_00104832_restart_0148.nc 2000_cam6-nemo4_025deg_tc01_00104832_restart_0149.nc 2000_cam6-nemo4_025deg_tc01_00104832_restart_0150.nc 2000_cam6-nemo4_025deg_tc01_00104832_restart_0151.nc 2000_cam6-nemo4_025deg_tc01_00104832_restart_0152.nc 2000_cam6-nemo4_025deg_tc01_00104832_restart_0153.nc 2000_cam6-nemo4_025deg_tc01_00104832_restart_0154.nc 2000_cam6-nemo4_025deg_tc01_00104832_restart_0155.nc 2000_cam6-nemo4_025deg_tc01_00104832_restart_0156.nc 2000_cam6-nemo4_025deg_tc01_00104832_restart_0157.nc 2000_cam6-nemo4_025deg_tc01_00104832_restart_0158.nc 2000_cam6-nemo4_025deg_tc01_00104832_restart_0159.nc 2000_cam6-nemo4_025deg_tc01_00104832_restart_0160.nc 2000_cam6-nemo4_025deg_tc01_00104832_restart_0161.nc 2000_cam6-nemo4_025deg_tc01_00104832_restart_0162.nc 2000_cam6-nemo4_025deg_tc01_00104832_restart_0163.nc 2000_cam6-nemo4_025deg_tc01_00104832_restart_0164.nc 2000_cam6-nemo4_025deg_tc01_00104832_restart_0165.nc 2000_cam6-nemo4_025deg_tc01_00104832_restart_0166.nc 2000_cam6-nemo4_025deg_tc01_00104832_restart_0167.nc 2000_cam6-nemo4_025deg_tc01_00104832_restart_0168.nc 2000_cam6-nemo4_025deg_tc01_00104832_restart_0169.nc 2000_cam6-nemo4_025deg_tc01_00104832_restart_0170.nc 2000_cam6-nemo4_025deg_tc01_00104832_restart_0171.nc 2000_cam6-nemo4_025deg_tc01_00104832_restart_0172.nc 2000_cam6-nemo4_025deg_tc01_00104832_restart_0173.nc 2000_cam6-nemo4_025deg_tc01_00104832_restart_0174.nc 2000_cam6-nemo4_025deg_tc01_00104832_restart_0175.nc 2000_cam6-nemo4_025deg_tc01_00104832_restart_0176.nc 2000_cam6-nemo4_025deg_tc01_00104832_restart_0177.nc 2000_cam6-nemo4_025deg_tc01_00104832_restart_0178.nc 2000_cam6-nemo4_025deg_tc01_00104832_restart_0179.nc 2000_cam6-nemo4_025deg_tc01_00104832_restart_0180.nc 2000_cam6-nemo4_025deg_tc01_00104832_restart_0181.nc 2000_cam6-nemo4_025deg_tc01_00104832_restart_0182.nc 2000_cam6-nemo4_025deg_tc01_00104832_restart_0183.nc 2000_cam6-nemo4_025deg_tc01_00104832_restart_0184.nc 2000_cam6-nemo4_025deg_tc01_00104832_restart_0185.nc 2000_cam6-nemo4_025deg_tc01_00104832_restart_0186.nc 2000_cam6-nemo4_025deg_tc01_00104832_restart_0187.nc 2000_cam6-nemo4_025deg_tc01_00104832_restart_0188.nc 2000_cam6-nemo4_025deg_tc01_00104832_restart_0189.nc 2000_cam6-nemo4_025deg_tc01_00104832_restart_0190.nc 2000_cam6-nemo4_025deg_tc01_00104832_restart_0191.nc 2000_cam6-nemo4_025deg_tc01_00104832_restart_0192.nc 2000_cam6-nemo4_025deg_tc01_00104832_restart_0193.nc 2000_cam6-nemo4_025deg_tc01_00104832_restart_0194.nc 2000_cam6-nemo4_025deg_tc01_00104832_restart_0195.nc 2000_cam6-nemo4_025deg_tc01_00104832_restart_0196.nc 2000_cam6-nemo4_025deg_tc01_00104832_restart_0197.nc 2000_cam6-nemo4_025deg_tc01_00104832_restart_0198.nc 2000_cam6-nemo4_025deg_tc01_00104832_restart_0199.nc 2000_cam6-nemo4_025deg_tc01_00104832_restart_0200.nc 2000_cam6-nemo4_025deg_tc01_00104832_restart_0201.nc 2000_cam6-nemo4_025deg_tc01_00104832_restart_0202.nc 2000_cam6-nemo4_025deg_tc01_00104832_restart_0203.nc 2000_cam6-nemo4_025deg_tc01_00104832_restart_0204.nc 2000_cam6-nemo4_025deg_tc01_00104832_restart_0205.nc 2000_cam6-nemo4_025deg_tc01_00104832_restart_0206.nc 2000_cam6-nemo4_025deg_tc01_00104832_restart_0207.nc 2000_cam6-nemo4_025deg_tc01_00104832_restart_0208.nc 2000_cam6-nemo4_025deg_tc01_00104832_restart_0209.nc 2000_cam6-nemo4_025deg_tc01_00104832_restart_0210.nc 2000_cam6-nemo4_025deg_tc01_00104832_restart_0211.nc 2000_cam6-nemo4_025deg_tc01_00104832_restart_0212.nc 2000_cam6-nemo4_025deg_tc01_00104832_restart_0213.nc 2000_cam6-nemo4_025deg_tc01_00104832_restart_0214.nc 2000_cam6-nemo4_025deg_tc01_00104832_restart_0215.nc 2000_cam6-nemo4_025deg_tc01_00104832_restart_0216.nc 2000_cam6-nemo4_025deg_tc01_00104832_restart_0217.nc 2000_cam6-nemo4_025deg_tc01_00104832_restart_0218.nc 2000_cam6-nemo4_025deg_tc01_00104832_restart_0219.nc 2000_cam6-nemo4_025deg_tc01_00104832_restart_0220.nc 2000_cam6-nemo4_025deg_tc01_00104832_restart_0221.nc 2000_cam6-nemo4_025deg_tc01_00104832_restart_0222.nc 2000_cam6-nemo4_025deg_tc01_00104832_restart_0223.nc 2000_cam6-nemo4_025deg_tc01_00104832_restart_0224.nc 2000_cam6-nemo4_025deg_tc01_00104832_restart_0225.nc 2000_cam6-nemo4_025deg_tc01_00104832_restart_0226.nc 2000_cam6-nemo4_025deg_tc01_00104832_restart_0227.nc 2000_cam6-nemo4_025deg_tc01_00104832_restart_0228.nc 2000_cam6-nemo4_025deg_tc01_00104832_restart_0229.nc 2000_cam6-nemo4_025deg_tc01_00104832_restart_0230.nc 2000_cam6-nemo4_025deg_tc01_00104832_restart_0231.nc 2000_cam6-nemo4_025deg_tc01_00104832_restart_0232.nc 2000_cam6-nemo4_025deg_tc01_00104832_restart_0233.nc 2000_cam6-nemo4_025deg_tc01_00104832_restart_0234.nc 2000_cam6-nemo4_025deg_tc01_00104832_restart_0235.nc 2000_cam6-nemo4_025deg_tc01_00104832_restart_0236.nc 2000_cam6-nemo4_025deg_tc01_00104832_restart_0237.nc 2000_cam6-nemo4_025deg_tc01_00104832_restart_0238.nc 2000_cam6-nemo4_025deg_tc01_00104832_restart_0239.nc 2000_cam6-nemo4_025deg_tc01_00104832_restart_0240.nc 2000_cam6-nemo4_025deg_tc01_00104832_restart_0241.nc 2000_cam6-nemo4_025deg_tc01_00104832_restart_0242.nc 2000_cam6-nemo4_025deg_tc01_00104832_restart_0243.nc 2000_cam6-nemo4_025deg_tc01_00104832_restart_0244.nc 2000_cam6-nemo4_025deg_tc01_00104832_restart_0245.nc 2000_cam6-nemo4_025deg_tc01_00104832_restart_0246.nc 2000_cam6-nemo4_025deg_tc01_00104832_restart_0247.nc 2000_cam6-nemo4_025deg_tc01_00104832_restart_0248.nc 2000_cam6-nemo4_025deg_tc01_00104832_restart_0249.nc 2000_cam6-nemo4_025deg_tc01_00104832_restart_0250.nc 2000_cam6-nemo4_025deg_tc01_00104832_restart_0251.nc 2000_cam6-nemo4_025deg_tc01_00104832_restart_0252.nc 2000_cam6-nemo4_025deg_tc01_00104832_restart_0253.nc 2000_cam6-nemo4_025deg_tc01_00104832_restart_0254.nc 2000_cam6-nemo4_025deg_tc01_00104832_restart_0255.nc 2000_cam6-nemo4_025deg_tc01_00104832_restart_0256.nc 2000_cam6-nemo4_025deg_tc01_00104832_restart_0257.nc 2000_cam6-nemo4_025deg_tc01_00104832_restart_0258.nc 2000_cam6-nemo4_025deg_tc01_00104832_restart_0259.nc 2000_cam6-nemo4_025deg_tc01_00104832_restart_0260.nc 2000_cam6-nemo4_025deg_tc01_00104832_restart_0261.nc 2000_cam6-nemo4_025deg_tc01_00104832_restart_0262.nc 2000_cam6-nemo4_025deg_tc01_00104832_restart_0263.nc 2000_cam6-nemo4_025deg_tc01_00104832_restart_0264.nc 2000_cam6-nemo4_025deg_tc01_00104832_restart_0265.nc 2000_cam6-nemo4_025deg_tc01_00104832_restart_0266.nc 2000_cam6-nemo4_025deg_tc01_00104832_restart_0267.nc 2000_cam6-nemo4_025deg_tc01_00104832_restart_0268.nc 2000_cam6-nemo4_025deg_tc01_00104832_restart_0269.nc 2000_cam6-nemo4_025deg_tc01_00104832_restart_0270.nc 2000_cam6-nemo4_025deg_tc01_00104832_restart_0271.nc 2000_cam6-nemo4_025deg_tc01_00104832_restart_0272.nc 2000_cam6-nemo4_025deg_tc01_00104832_restart_0273.nc 2000_cam6-nemo4_025deg_tc01_00104832_restart_0274.nc 2000_cam6-nemo4_025deg_tc01_00104832_restart_0275.nc 2000_cam6-nemo4_025deg_tc01_00104832_restart_0276.nc 2000_cam6-nemo4_025deg_tc01_00104832_restart_0277.nc 2000_cam6-nemo4_025deg_tc01_00104832_restart_0278.nc 2000_cam6-nemo4_025deg_tc01_00104832_restart_0279.nc 2000_cam6-nemo4_025deg_tc01_00104832_restart_0280.nc 2000_cam6-nemo4_025deg_tc01_00104832_restart_0281.nc 2000_cam6-nemo4_025deg_tc01_00104832_restart_0282.nc 2000_cam6-nemo4_025deg_tc01_00104832_restart_0283.nc 2000_cam6-nemo4_025deg_tc01_00104832_restart_0284.nc 2000_cam6-nemo4_025deg_tc01_00104832_restart_0285.nc 2000_cam6-nemo4_025deg_tc01_00104832_restart_0286.nc 2000_cam6-nemo4_025deg_tc01_00104832_restart_0287.nc 2000_cam6-nemo4_025deg_tc01_00104832_restart_0288.nc 2000_cam6-nemo4_025deg_tc01_00104832_restart_0289.nc 2000_cam6-nemo4_025deg_tc01_00104832_restart_0290.nc 2000_cam6-nemo4_025deg_tc01_00104832_restart_0291.nc 2000_cam6-nemo4_025deg_tc01_00104832_restart_0292.nc 2000_cam6-nemo4_025deg_tc01_00104832_restart_0293.nc 2000_cam6-nemo4_025deg_tc01_00104832_restart_0294.nc 2000_cam6-nemo4_025deg_tc01_00104832_restart_0295.nc 2000_cam6-nemo4_025deg_tc01_00104832_restart_0296.nc 2000_cam6-nemo4_025deg_tc01_00104832_restart_0297.nc 2000_cam6-nemo4_025deg_tc01_00104832_restart_0298.nc 2000_cam6-nemo4_025deg_tc01_00104832_restart_0299.nc 2000_cam6-nemo4_025deg_tc01_00104832_restart_0300.nc 2000_cam6-nemo4_025deg_tc01_00104832_restart_0301.nc 2000_cam6-nemo4_025deg_tc01_00104832_restart_0302.nc 2000_cam6-nemo4_025deg_tc01_00104832_restart_0303.nc 2000_cam6-nemo4_025deg_tc01_00104832_restart_0304.nc 2000_cam6-nemo4_025deg_tc01_00104832_restart_0305.nc 2000_cam6-nemo4_025deg_tc01_00104832_restart_0306.nc 2000_cam6-nemo4_025deg_tc01_00104832_restart_0307.nc 2000_cam6-nemo4_025deg_tc01_00104832_restart_0308.nc 2000_cam6-nemo4_025deg_tc01_00104832_restart_0309.nc 2000_cam6-nemo4_025deg_tc01_00104832_restart_0310.nc 2000_cam6-nemo4_025deg_tc01_00104832_restart_0311.nc 2000_cam6-nemo4_025deg_tc01_00104832_restart_0312.nc 2000_cam6-nemo4_025deg_tc01_00104832_restart_0313.nc 2000_cam6-nemo4_025deg_tc01_00104832_restart_0314.nc 2000_cam6-nemo4_025deg_tc01_00104832_restart_0315.nc 2000_cam6-nemo4_025deg_tc01_00104832_restart_0316.nc 2000_cam6-nemo4_025deg_tc01_00104832_restart_0317.nc 2000_cam6-nemo4_025deg_tc01_00104832_restart_0318.nc 2000_cam6-nemo4_025deg_tc01_00104832_restart_0319.nc 2000_cam6-nemo4_025deg_tc01_00104832_restart_0320.nc 2000_cam6-nemo4_025deg_tc01_00104832_restart_0321.nc 2000_cam6-nemo4_025deg_tc01_00104832_restart_0322.nc 2000_cam6-nemo4_025deg_tc01_00104832_restart_0323.nc 2000_cam6-nemo4_025deg_tc01_00104832_restart_0324.nc 2000_cam6-nemo4_025deg_tc01_00104832_restart_0325.nc 2000_cam6-nemo4_025deg_tc01_00104832_restart_0326.nc 2000_cam6-nemo4_025deg_tc01_00104832_restart_0327.nc 2000_cam6-nemo4_025deg_tc01_00104832_restart_0328.nc 2000_cam6-nemo4_025deg_tc01_00104832_restart_0329.nc 2000_cam6-nemo4_025deg_tc01_00104832_restart_0330.nc 2000_cam6-nemo4_025deg_tc01_00104832_restart_0331.nc 2000_cam6-nemo4_025deg_tc01_00104832_restart_0332.nc 2000_cam6-nemo4_025deg_tc01_00104832_restart_0333.nc 2000_cam6-nemo4_025deg_tc01_00104832_restart_0334.nc 2000_cam6-nemo4_025deg_tc01_00104832_restart_0335.nc 2000_cam6-nemo4_025deg_tc01_00104832_restart_0336.nc 2000_cam6-nemo4_025deg_tc01_00104832_restart_0337.nc 2000_cam6-nemo4_025deg_tc01_00104832_restart_0338.nc 2000_cam6-nemo4_025deg_tc01_00104832_restart_0339.nc 2000_cam6-nemo4_025deg_tc01_00104832_restart_0340.nc 2000_cam6-nemo4_025deg_tc01_00104832_restart_0341.nc 2000_cam6-nemo4_025deg_tc01_00104832_restart_0342.nc 2000_cam6-nemo4_025deg_tc01_00104832_restart_0343.nc 2000_cam6-nemo4_025deg_tc01_00104832_restart_0344.nc 2000_cam6-nemo4_025deg_tc01_00104832_restart_0345.nc 2000_cam6-nemo4_025deg_tc01_00104832_restart_0346.nc 2000_cam6-nemo4_025deg_tc01_00104832_restart_0347.nc 2000_cam6-nemo4_025deg_tc01_00104832_restart_0348.nc 2000_cam6-nemo4_025deg_tc01_00104832_restart_0349.nc 2000_cam6-nemo4_025deg_tc01_00104832_restart_0350.nc 2000_cam6-nemo4_025deg_tc01_00104832_restart_0351.nc 2000_cam6-nemo4_025deg_tc01_00104832_restart_0352.nc 2000_cam6-nemo4_025deg_tc01_00104832_restart_0353.nc 2000_cam6-nemo4_025deg_tc01_00104832_restart_0354.nc 2000_cam6-nemo4_025deg_tc01_00104832_restart_0355.nc 2000_cam6-nemo4_025deg_tc01_00104832_restart_0356.nc 2000_cam6-nemo4_025deg_tc01_00104832_restart_0357.nc 2000_cam6-nemo4_025deg_tc01_00104832_restart_0358.nc 2000_cam6-nemo4_025deg_tc01_00104832_restart_0359.nc 2000_cam6-nemo4_025deg_tc01_00104832_restart_0360.nc 2000_cam6-nemo4_025deg_tc01_00104832_restart_0361.nc 2000_cam6-nemo4_025deg_tc01_00104832_restart_0362.nc 2000_cam6-nemo4_025deg_tc01_00104832_restart_0363.nc 2000_cam6-nemo4_025deg_tc01_00104832_restart_0364.nc 2000_cam6-nemo4_025deg_tc01_00104832_restart_0365.nc 2000_cam6-nemo4_025deg_tc01_00104832_restart_0366.nc 2000_cam6-nemo4_025deg_tc01_00104832_restart_0367.nc 2000_cam6-nemo4_025deg_tc01_00104832_restart_0368.nc 2000_cam6-nemo4_025deg_tc01_00104832_restart_0369.nc 2000_cam6-nemo4_025deg_tc01_00104832_restart_0370.nc 2000_cam6-nemo4_025deg_tc01_00104832_restart_0371.nc 2000_cam6-nemo4_025deg_tc01_00104832_restart_0372.nc 2000_cam6-nemo4_025deg_tc01_00104832_restart_0373.nc 2000_cam6-nemo4_025deg_tc01_00104832_restart_0374.nc 2000_cam6-nemo4_025deg_tc01_00104832_restart_0375.nc 2000_cam6-nemo4_025deg_tc01_00104832_restart_0376.nc 2000_cam6-nemo4_025deg_tc01_00104832_restart_0377.nc 2000_cam6-nemo4_025deg_tc01_00104832_restart_0378.nc 2000_cam6-nemo4_025deg_tc01_00104832_restart_0379.nc 2000_cam6-nemo4_025deg_tc01_00104832_restart_0380.nc 2000_cam6-nemo4_025deg_tc01_00104832_restart_0381.nc 2000_cam6-nemo4_025deg_tc01_00104832_restart_0382.nc 2000_cam6-nemo4_025deg_tc01_00104832_restart_0383.nc 2000_cam6-nemo4_025deg_tc01_00104832_restart_0384.nc 2000_cam6-nemo4_025deg_tc01_00104832_restart_0385.nc 2000_cam6-nemo4_025deg_tc01_00104832_restart_0386.nc 2000_cam6-nemo4_025deg_tc01_00104832_restart_0387.nc 2000_cam6-nemo4_025deg_tc01_00104832_restart_0388.nc 2000_cam6-nemo4_025deg_tc01_00104832_restart_0389.nc 2000_cam6-nemo4_025deg_tc01_00104832_restart_0390.nc 2000_cam6-nemo4_025deg_tc01_00104832_restart_0391.nc 2000_cam6-nemo4_025deg_tc01_00104832_restart_0392.nc 2000_cam6-nemo4_025deg_tc01_00104832_restart_0393.nc 2000_cam6-nemo4_025deg_tc01_00104832_restart_0394.nc 2000_cam6-nemo4_025deg_tc01_00104832_restart_0395.nc 2000_cam6-nemo4_025deg_tc01_00104832_restart_0396.nc 2000_cam6-nemo4_025deg_tc01_00104832_restart_0397.nc 2000_cam6-nemo4_025deg_tc01_00104832_restart_0398.nc 2000_cam6-nemo4_025deg_tc01_00104832_restart_0399.nc 2000_cam6-nemo4_025deg_tc01_00104832_restart_0400.nc 2000_cam6-nemo4_025deg_tc01_00104832_restart_0401.nc 2000_cam6-nemo4_025deg_tc01_00104832_restart_0402.nc 2000_cam6-nemo4_025deg_tc01_00104832_restart_0403.nc 2000_cam6-nemo4_025deg_tc01_00104832_restart_0404.nc 2000_cam6-nemo4_025deg_tc01_00104832_restart_0405.nc 2000_cam6-nemo4_025deg_tc01_00104832_restart_0406.nc 2000_cam6-nemo4_025deg_tc01_00104832_restart_0407.nc 2000_cam6-nemo4_025deg_tc01_00104832_restart_0408.nc 2000_cam6-nemo4_025deg_tc01_00104832_restart_0409.nc 2000_cam6-nemo4_025deg_tc01_00104832_restart_0410.nc 2000_cam6-nemo4_025deg_tc01_00104832_restart_0411.nc 2000_cam6-nemo4_025deg_tc01_00104832_restart_0412.nc 2000_cam6-nemo4_025deg_tc01_00104832_restart_0413.nc 2000_cam6-nemo4_025deg_tc01_00104832_restart_0414.nc 2000_cam6-nemo4_025deg_tc01_00104832_restart_0415.nc 2000_cam6-nemo4_025deg_tc01_00104832_restart_0416.nc 2000_cam6-nemo4_025deg_tc01_00104832_restart_0417.nc 2000_cam6-nemo4_025deg_tc01_00104832_restart_0418.nc 2000_cam6-nemo4_025deg_tc01_00104832_restart_0419.nc 2000_cam6-nemo4_025deg_tc01_00104832_restart_0420.nc 2000_cam6-nemo4_025deg_tc01_00104832_restart_0421.nc 2000_cam6-nemo4_025deg_tc01_00104832_restart_0422.nc 2000_cam6-nemo4_025deg_tc01_00104832_restart_0423.nc 2000_cam6-nemo4_025deg_tc01_00104832_restart_0424.nc 2000_cam6-nemo4_025deg_tc01_00104832_restart_0425.nc 2000_cam6-nemo4_025deg_tc01_00104832_restart_0426.nc 2000_cam6-nemo4_025deg_tc01_00104832_restart_0427.nc 2000_cam6-nemo4_025deg_tc01_00104832_restart_0428.nc 2000_cam6-nemo4_025deg_tc01_00104832_restart_0429.nc 2000_cam6-nemo4_025deg_tc01_00104832_restart_0430.nc 2000_cam6-nemo4_025deg_tc01_00104832_restart_0431.nc 2000_cam6-nemo4_025deg_tc01_00104832_restart_0432.nc 2000_cam6-nemo4_025deg_tc01_00104832_restart_0433.nc 2000_cam6-nemo4_025deg_tc01_00104832_restart_0434.nc 2000_cam6-nemo4_025deg_tc01_00104832_restart_0435.nc 2000_cam6-nemo4_025deg_tc01_00104832_restart_0436.nc 2000_cam6-nemo4_025deg_tc01_00104832_restart_0437.nc 2000_cam6-nemo4_025deg_tc01_00104832_restart_0438.nc 2000_cam6-nemo4_025deg_tc01_00104832_restart_0439.nc 2000_cam6-nemo4_025deg_tc01_00104832_restart_0440.nc 2000_cam6-nemo4_025deg_tc01_00104832_restart_0441.nc 2000_cam6-nemo4_025deg_tc01_00104832_restart_0442.nc 2000_cam6-nemo4_025deg_tc01_00104832_restart_0443.nc 2000_cam6-nemo4_025deg_tc01_00104832_restart_0444.nc 2000_cam6-nemo4_025deg_tc01_00104832_restart_0445.nc 2000_cam6-nemo4_025deg_tc01_00104832_restart_0446.nc 2000_cam6-nemo4_025deg_tc01_00104832_restart_0447.nc 2000_cam6-nemo4_025deg_tc01_00104832_restart_0448.nc 2000_cam6-nemo4_025deg_tc01_00104832_restart_0449.nc 2000_cam6-nemo4_025deg_tc01_00104832_restart_0450.nc 2000_cam6-nemo4_025deg_tc01_00104832_restart_0451.nc 2000_cam6-nemo4_025deg_tc01_00104832_restart_0452.nc 2000_cam6-nemo4_025deg_tc01_00104832_restart_0453.nc 2000_cam6-nemo4_025deg_tc01_00104832_restart_0454.nc 2000_cam6-nemo4_025deg_tc01_00104832_restart_0455.nc 2000_cam6-nemo4_025deg_tc01_00104832_restart_0456.nc 2000_cam6-nemo4_025deg_tc01_00104832_restart_0457.nc 2000_cam6-nemo4_025deg_tc01_00104832_restart_0458.nc 2000_cam6-nemo4_025deg_tc01_00104832_restart_0459.nc 2000_cam6-nemo4_025deg_tc01_00104832_restart_0460.nc 2000_cam6-nemo4_025deg_tc01_00104832_restart_0461.nc 2000_cam6-nemo4_025deg_tc01_00104832_restart_0462.nc 2000_cam6-nemo4_025deg_tc01_00104832_restart_0463.nc 2000_cam6-nemo4_025deg_tc01_00104832_restart_0464.nc 2000_cam6-nemo4_025deg_tc01_00104832_restart_0465.nc 2000_cam6-nemo4_025deg_tc01_00104832_restart_0466.nc 2000_cam6-nemo4_025deg_tc01_00104832_restart_0467.nc 2000_cam6-nemo4_025deg_tc01_00104832_restart_0468.nc 2000_cam6-nemo4_025deg_tc01_00104832_restart_0469.nc 2000_cam6-nemo4_025deg_tc01_00104832_restart_0470.nc 2000_cam6-nemo4_025deg_tc01_00104832_restart_0471.nc 2000_cam6-nemo4_025deg_tc01_00104832_restart_0472.nc 2000_cam6-nemo4_025deg_tc01_00104832_restart_0473.nc 2000_cam6-nemo4_025deg_tc01_00104832_restart_0474.nc 2000_cam6-nemo4_025deg_tc01_00104832_restart_0475.nc 2000_cam6-nemo4_025deg_tc01_00104832_restart_0476.nc 2000_cam6-nemo4_025deg_tc01_00104832_restart_0477.nc 2000_cam6-nemo4_025deg_tc01_00104832_restart_0478.nc 2000_cam6-nemo4_025deg_tc01_00104832_restart_0479.nc 2000_cam6-nemo4_025deg_tc01_00104832_restart_0480.nc 2000_cam6-nemo4_025deg_tc01_00104832_restart_0481.nc 2000_cam6-nemo4_025deg_tc01_00104832_restart_0482.nc 2000_cam6-nemo4_025deg_tc01_00104832_restart_0483.nc 2000_cam6-nemo4_025deg_tc01_00104832_restart_0484.nc 2000_cam6-nemo4_025deg_tc01_00104832_restart_0485.nc 2000_cam6-nemo4_025deg_tc01_00104832_restart_0486.nc 2000_cam6-nemo4_025deg_tc01_00104832_restart_0487.nc 2000_cam6-nemo4_025deg_tc01_00104832_restart_0488.nc 2000_cam6-nemo4_025deg_tc01_00104832_restart_0489.nc 2000_cam6-nemo4_025deg_tc01_00104832_restart_0490.nc 2000_cam6-nemo4_025deg_tc01_00104832_restart_0491.nc 2000_cam6-nemo4_025deg_tc01_00104832_restart_0492.nc 2000_cam6-nemo4_025deg_tc01_00104832_restart_0493.nc 2000_cam6-nemo4_025deg_tc01_00104832_restart_0494.nc 2000_cam6-nemo4_025deg_tc01_00104832_restart_0495.nc 2000_cam6-nemo4_025deg_tc01_00104832_restart_0496.nc 2000_cam6-nemo4_025deg_tc01_00104832_restart_0497.nc 2000_cam6-nemo4_025deg_tc01_00104832_restart_0498.nc 2000_cam6-nemo4_025deg_tc01_00104832_restart_0499.nc 2000_cam6-nemo4_025deg_tc01_00104832_restart_0500.nc 2000_cam6-nemo4_025deg_tc01_00104832_restart_0501.nc 2000_cam6-nemo4_025deg_tc01_00104832_restart_0502.nc 2000_cam6-nemo4_025deg_tc01_00104832_restart_0503.nc 2000_cam6-nemo4_025deg_tc01_00104832_restart_0504.nc 2000_cam6-nemo4_025deg_tc01_00104832_restart_0505.nc 2000_cam6-nemo4_025deg_tc01_00104832_restart_0506.nc 2000_cam6-nemo4_025deg_tc01_00104832_restart_0507.nc 2000_cam6-nemo4_025deg_tc01_00104832_restart_0508.nc 2000_cam6-nemo4_025deg_tc01_00104832_restart_0509.nc 2000_cam6-nemo4_025deg_tc01_00104832_restart_0510.nc 2000_cam6-nemo4_025deg_tc01_00104832_restart_0511.nc 2000_cam6-nemo4_025deg_tc01_00104832_restart_0512.nc 2000_cam6-nemo4_025deg_tc01_00104832_restart_0513.nc 2000_cam6-nemo4_025deg_tc01_00104832_restart_0514.nc 2000_cam6-nemo4_025deg_tc01_00104832_restart_0515.nc 2000_cam6-nemo4_025deg_tc01_00104832_restart_0516.nc 2000_cam6-nemo4_025deg_tc01_00104832_restart_0517.nc 2000_cam6-nemo4_025deg_tc01_00104832_restart_0518.nc 2000_cam6-nemo4_025deg_tc01_00104832_restart_0519.nc 2000_cam6-nemo4_025deg_tc01_00104832_restart_0520.nc 2000_cam6-nemo4_025deg_tc01_00104832_restart_0521.nc 2000_cam6-nemo4_025deg_tc01_00104832_restart_0522.nc 2000_cam6-nemo4_025deg_tc01_00104832_restart_0523.nc 2000_cam6-nemo4_025deg_tc01_00104832_restart_0524.nc 2000_cam6-nemo4_025deg_tc01_00104832_restart_0525.nc 2000_cam6-nemo4_025deg_tc01_00104832_restart_0526.nc 2000_cam6-nemo4_025deg_tc01_00104832_restart_0527.nc 2000_cam6-nemo4_025deg_tc01_00104832_restart_0528.nc 2000_cam6-nemo4_025deg_tc01_00104832_restart_0529.nc 2000_cam6-nemo4_025deg_tc01_00104832_restart_0530.nc 2000_cam6-nemo4_025deg_tc01_00104832_restart_0531.nc 2000_cam6-nemo4_025deg_tc01_00104832_restart_0532.nc 2000_cam6-nemo4_025deg_tc01_00104832_restart_0533.nc 2000_cam6-nemo4_025deg_tc01_00104832_restart_0534.nc 2000_cam6-nemo4_025deg_tc01_00104832_restart_0535.nc 2000_cam6-nemo4_025deg_tc01_00104832_restart_0536.nc 2000_cam6-nemo4_025deg_tc01_00104832_restart_0537.nc 2000_cam6-nemo4_025deg_tc01_00104832_restart_0538.nc 2000_cam6-nemo4_025deg_tc01_00104832_restart_0539.nc
+ npes=540
+ /users_home/csp/as34319/CESM2/work/rebuild_nemo/rebuild_nemo 2000_cam6-nemo4_025deg_tc01_00104832_restart 540


